sample sizes: (0, 1001)
total runtime (s): 0.720892906189
--
0.393114723714
0.133219910617
0.0676788599286
0.0411542252609
0.0278152187289
0.0201679883466
0.0153798778275
0.0121849423041
0.0099476690659
0.00832041677329
0.00709998658935
0.0061611661022
0.00542339728911
0.00483295490848
0.0043529019226
0.00395717173916
0.00362694750511
0.00334837334803
0.00311106577247
0.00290712088502
0.00273043737727
0.00257624555289
0.00244077376831
0.00232100833109
0.00221451810872
0.00211932466837
0.00203380493621
0.00195661739774
0.00188664555771
0.00182295419766
0.00176475523027
0.00171138081714
0.00166226204035
0.00161691185393
0.00157491136287
0.00153589870806
0.00149956000717
0.00146562192852
0.00143384557025
0.00140402138946
0.00137596498051
0.00134951354402
0.00132452292046
0.00130086508755
0.00127842604043
0.00125710398931
0.00123680782152
0.00121745578464
0.00119897435526
0.00118129726373
0.00116436465084
0.00114812233634
0.00113252118241
0.0011175165393
0.00110306776072
0.00108913777995
0.00107569273765
0.00106270165379
0.0010501361374
0.00103797012879
0.00102617967042
0.00101474270374
0.00100363888943
0.00099284944888
0.000982357023964
0.000972145551804
0.000962200151442
0.000952507019649
0.000943053334676
0.000933827167781
0.00092481740377
0.000916013671537
0.000907406285129
0.00089898619418
0.000890744941141
0.000882674621942
0.000874767846479
0.000867017697072
0.00085941768494
0.000851961706837
0.000844644005404
0.000837459137297
0.000830401951111
0.000823467575369
0.000816651413832
0.000809949143429
0.000803356709205
0.000796870311844
0.0007904863855
0.000784201567169
0.000778012661486
0.000771916607129
0.000765910451279
0.000759991336693
0.000754156503385
0.000748403302817
0.000742729219575
0.000737131893003
0.000731609131505
0.000726158913378
0.000720779371713
0.000715468764417
0.000710225434517
0.0007050477681
0.000699934158456
0.000694882983686
0.000689892602425
0.000684961368395
0.000680087660613
0.000675269922652
0.00067050670251
0.000665796684289
0.000661138704658
0.000656531749931
0.000651974933514
0.000647467457084
0.000643008562157
0.00063859748035
0.00063423339093
0.00062991539288
0.000625642496064
0.000621413632915
0.000617227688164
0.000613083541722
0.000608980117268
0.000604916428531
0.000600891616021
0.000596904968197
0.000592955924111
0.000589044057152
0.000585169042505
0.000581330613206
0.00057752851113
0.000573762439775
0.000570032025134
0.000566336789613
0.000562676141921
0.000559049383753
0.000555455731566
0.000551894350341
0.000548364394431
0.000544865050367
0.000541395576303
0.000537955333654
0.000534543807577
0.000531160614484
0.000527805496357
0.000524478303055
0.00052117896509
0.00051790746011
0.000514663776791
0.000511447879792
0.000508259679057
0.000505099006075
0.000501965598834
0.000498859096257
0.000495779042128
0.000492724897396
0.000489696059592
0.000486691887182
0.000483711726797
0.000480754941087
0.000477820935137
0.00047490917966
0.0004720192295
0.000469150736412
0.000466303455492
0.000463477245009
0.000460672059801
0.000457887938696
0.00045512498672
0.000452383353113
0.000449663206332
0.000446964707441
0.000444287983332
0.000441633101324
0.000439000046684
0.000436388704518
0.000433798847358
0.000431230129555
0.000428682089222
0.000426154158153
0.000423645679612
0.000421155933435
0.000418684167326
0.000416229632754
0.000413791623379
0.000411369513612
0.000408962794673
0.000406571105478
0.0004041942558
0.00040183223952
0.000399485236253
0.000397153600351
0.000394837837159
0.000392538567206
0.000390256479878
0.000387992279335
0.000385746625656
0.000383520075216
0.000381313024343
0.000379125660497
0.000376957924875
0.000374809489808
0.000372679753487
0.000370567853444
0.000368472699014
0.000366393021634
0.000364327440535
0.000362274540169
0.000360232954653
0.000358201453829
0.000356179025091
0.000354164945147
0.000352158836343
0.000350160702838
0.000348170943281
0.000346190337915
0.000344220009796
0.000342261361451
0.000340315990191
0.000338385586646
0.000336471822521
0.000334576234588
0.000332700112235
0.00033084439617
0.000329009595256
0.000327195727574
0.000325402290428
0.000323628262283
0.00032187213767
0.000320131993971
0.000318405586965
0.000316690470054
0.000314984130464
0.000313284134417
0.000311588272579
0.000309894696687
0.000308202038772
0.000306509505076
0.000304816938308
0.000303124843541
0.000301434375153
0.000299747284867
0.000298065832719
0.00029639266563
0.000294730669906
0.000293082805878
0.000291451934049
0.000289840642617
0.000288251086754
0.000286684848895
0.000285142828765
0.000283625169923
0.000282131227706
0.000280659581132
0.000279208088804
0.000277773986366
0.00027635402066
0.000274944613572
0.000273542046958
0.000272142658421
0.000270743037531
0.00026934021145
0.000267931809772
0.000266516199244
0.00026509258083
0.000263661043316
0.000262222570296
0.000260778999545
0.000259332936797
0.0002578876278
0.000256446795435
0.000255014450067
0.000253594682899
0.000252191453219
0.000250808380409
0.000249448551641
0.000248114355311
0.000246807348816
0.00024552816767
0.000244276480719
0.000243050993832
0.000241849502127
0.00024066898801
0.000239505760324
0.000238355627656
0.000237214097107
0.000236076588724
0.00023493865498
0.000233796194403
0.000232645648934
0.000231484175354
0.000230309782438
0.000229121427277
0.000227919066196
0.000226703657973
0.000225477119281
0.000224242234799
0.000223002526309
0.000221762087329
0.000220525391132
0.000219297081476
0.000218081755918
0.000216883751853
0.000215706945349
0.00021455457197
0.000213429077748
0.000212332006963
0.000211263931631
0.000210224425513
0.000209212083592
0.000208224585514
0.000207258799969
0.000206310924664
0.000205376655366
0.000204451376061
0.000203530361529
0.000202608983096
0.000201682908464
0.000200748286754
0.00019980191078
0.00019884134973
0.000197865046725
0.000196872377547
0.000195863668351
0.00019484017231
0.000193804006664
0.000192758053486
0.000191705829012
0.000190651327545
0.000189598847115
0.00018855280448
0.000187517547608
0.000186497173675
0.000185495360002
0.000184515215105
0.000183559155538
0.00018262881339
0.000181724977697
0.000180847571604
0.00017999566558
0.000179167525446
0.000178360692563
0.000177572092279
0.00017679816556
0.000176035018056
0.000175278579981
0.000174524770285
0.000173769658126
0.00017300961537
0.000172241453957
0.000171462543077
0.000170670901808
0.000169865264047
0.000169045113872
0.000168210690484
0.000167362963312
0.000166503578995
0.000165634782969
0.000164759319422
0.000163880314045
0.000163001144686
0.00016212530519
0.000161256267993
0.000160397350845
0.000159551592697
0.000158721643379
0.000157909670909
0.00015711728958
0.000156345510975
0.000155594719186
0.000154864670474
0.000154154516704
0.000153462850952
0.000152787772924
0.000152126971086
0.000151477817924
0.000150837474308
0.000150202998766
0.000149571457392
0.000148940030255
0.000148306110426
0.00014766739214
0.000147021945226
0.000146368273378
0.000145705354754
0.000145032663889
0.000144350174849
0.000143658346013
0.000142958087843
0.000142250715279
0.000141537887113
0.000140821535035
0.000140103785258
0.000139386875892
0.000138673073208
0.000137964589861
0.000137263507978
0.000136571709669
0.00013589081722
0.000135222144703
0.000134566662319
0.000133924974236
0.000133297310171
0.000132683530467
0.000132083143932
0.000131495337274
0.00013091901462
0.000130352845279
0.000129795317714
0.000129244797591
0.000128699587613
0.000128157987044
0.000127618348781
0.000127079132145
0.0001265389497
0.000125996606773
0.000125451132625
0.000124901802564
0.000124348150729
0.000123789973454
0.000123227323642
0.000122660496698
0.000122090009022
0.000121516570056
0.000120941049261
0.000120364439356
0.000119787817297
0.000119212304411
0.000118639027115
0.000118069079487
0.000117503488887
0.000116943185587
0.000116388977243
0.000115841528773
0.000115301348022
0.000114768777363
0.00011424399116
0.000113726998853
0.000113217653212
0.000112715663189
0.000112220610661
0.000111731970267
0.0001112491315
0.000110771422175
0.000110298132445
0.000109828538474
0.00010936192512
0.000108897606833
0.000108434946312
0.000107973370389
0.000107512382855
0.000107051574024
0.000106590626925
0.000106129320203
0.000105667527835
0.000105205215937
0.000104742436951
0.000104279321619
0.000103816069153
0.000103352936063
0.0001028902241
0.00010242826777
0.000101967421841
0.000101508049257
0.000101050509784
0.000100595149697
0.000100142292746
9.96922325559e-05
9.92452265895e-05
9.88014917092e-05
9.83612013332e-05
9.79244841241e-05
9.74914241056e-05
9.70620620628e-05
9.66363980578e-05
9.62143948656e-05
9.57959821306e-05
9.53810610369e-05
9.49695092869e-05
9.45611862059e-05
9.41559377705e-05
9.37536014715e-05
9.33540107809e-05
9.29569992066e-05
9.25624038255e-05
9.2170068233e-05
9.17798449066e-05
9.13915969726e-05
9.10051994056e-05
9.06205397015e-05
9.02375180795e-05
8.9856047289e-05
8.94760520944e-05
8.90974685236e-05
8.87202429619e-05
8.83443311743e-05
8.79696973283e-05
8.75963130867e-05
8.72241568237e-05
8.68532130099e-05
8.64834717944e-05
8.61149288e-05
8.57475851326e-05
8.53814475908e-05
8.50165290482e-05
8.46528489727e-05
8.42904340285e-05
8.3929318709e-05
8.35695459316e-05
8.32111675336e-05
8.28542445985e-05
8.24988475489e-05
8.2145055951e-05
8.17929579773e-05
8.14426494786e-05
8.10942326871e-05
8.07478144441e-05
8.0403504075e-05
8.00614108564e-05
7.97216411491e-05
7.93842952563e-05
7.90494640895e-05
7.87172257352e-05
7.83876420341e-05
7.8060755294e-05
7.77365852624e-05
7.74151264919e-05
7.7096346222e-05
7.6780182904e-05
7.64665454727e-05
7.61553134607e-05
7.5846338022e-05
7.55394439102e-05
7.52344324232e-05
7.49310852941e-05
7.46291694754e-05
7.43284427226e-05
7.40286598549e-05
7.37295795333e-05
7.34309713668e-05
7.31326231357e-05
7.28343478989e-05
7.25359907402e-05
7.22374349092e-05
7.19386071121e-05
7.16394817154e-05
7.13400836879e-05
7.10404900524e-05
7.0740829777e-05
7.04412819759e-05
7.01420723951e-05
6.98434682407e-05
6.95457713799e-05
6.92493101177e-05
6.89544297092e-05
6.86614818974e-05
6.83708137607e-05
6.80827562294e-05
6.77976126379e-05
6.75156477066e-05
6.72370773453e-05
6.69620596631e-05
6.66906875418e-05
6.6422983093e-05
6.61588942666e-05
6.58982938114e-05
6.56409807195e-05
6.53866841981e-05
6.51350701296e-05
6.48857498885e-05
6.46382912967e-05
6.43922314139e-05
6.41470907845e-05
6.39023886941e-05
6.36576589422e-05
6.3412465593e-05
6.31664181627e-05
6.29191856791e-05
6.26705091011e-05
6.24202116193e-05
6.21682063711e-05
6.1914501283e-05
6.1659200745e-05
6.1402503981e-05
6.11447000923e-05
6.08861598475e-05
6.06273244346e-05
6.03686915054e-05
6.01107989062e-05
5.98542066751e-05
5.9599477851e-05
5.93471587977e-05
5.90977597084e-05
5.8851736009e-05
5.86094713437e-05
5.83712627918e-05
5.81373088918e-05
5.79077009664e-05
5.76824181255e-05
5.74613261992e-05
5.72441807147e-05
5.70306338824e-05
5.68202454078e-05
5.6612496802e-05
5.64068087253e-05
5.62025607801e-05
5.5999113064e-05
5.57958287169e-05
5.55920966551e-05
5.53873536348e-05
5.51811048468e-05
5.4972942234e-05
5.47625598339e-05
5.45497655306e-05
5.43344887407e-05
5.41167836766e-05
5.3896828034e-05
5.36749170861e-05
5.34514533566e-05
5.32269322213e-05
5.30019239277e-05
5.27770526733e-05
5.25529735341e-05
5.23303480591e-05
5.21098194746e-05
5.18919884392e-05
5.16773902607e-05
5.1466474478e-05
5.12595876001e-05
5.10569596845e-05
5.08586953064e-05
5.06647692852e-05
5.04750273699e-05
5.02891918796e-05
5.01068721095e-05
4.99275791135e-05
4.97507443266e-05
4.95757412833e-05
4.94019096242e-05
4.92285804373e-05
4.90551019508e-05
4.88808645567e-05
4.87053241815e-05
4.85280230669e-05
4.83486071493e-05
4.81668392984e-05
4.79826079445e-05
4.77959306754e-05
4.760695273e-05
4.74159403638e-05
4.72232694488e-05
4.70294096843e-05
4.68349051182e-05
4.66403517492e-05
4.64463731341e-05
4.6253594993e-05
4.60626198539e-05
4.5874002785e-05
4.56882292004e-05
4.55056956398e-05
4.53266943301e-05
4.51514021291e-05
4.49798743054e-05
4.48120433905e-05
4.46477231222e-05
4.44866172894e-05
4.4328333098e-05
4.41723984193e-05
4.40182822461e-05
4.38654173898e-05
4.37132244987e-05
4.35611363378e-05
4.34086213042e-05
4.32552051669e-05
4.31004901184e-05
4.29441703532e-05
4.2786043503e-05
4.26260175042e-05
4.24641126125e-05
4.230045855e-05
4.21352869428e-05
4.19689194374e-05
4.18017520524e-05
4.16342365248e-05
4.14668594658e-05
4.13001203207e-05
4.1134509096e-05
4.09704848698e-05
4.08084560054e-05
4.06487629881e-05
4.04916645512e-05
4.03373277365e-05
4.01858222392e-05
4.00371192488e-05
3.98910947744e-05
3.97475372194e-05
3.96061588075e-05
3.94666102508e-05
3.93284979661e-05
3.91914029497e-05
3.90549004477e-05
3.89185794725e-05
3.87820612541e-05
3.86450157896e-05
3.85071757355e-05
3.83683470545e-05
3.82284159532e-05
3.80873518755e-05
3.79452064861e-05
3.78021087573e-05
3.76582564976e-05
3.75139048078e-05
3.73693520713e-05
3.72249242341e-05
3.70809581679e-05
3.69377849566e-05
3.67957139183e-05
3.66550181496e-05
3.65159222507e-05
3.63785927946e-05
3.62431319461e-05
3.61095744637e-05
3.59778881505e-05
3.58479776336e-05
3.57196911987e-05
3.55928302412e-05
3.54671607876e-05
3.5342426427e-05
3.52183619706e-05
3.50947070885e-05
3.49712192441e-05
3.48476852599e-05
3.47239309685e-05
3.45998284887e-05
3.44753008441e-05
3.43503237394e-05
3.42249245171e-05
3.40991784375e-05
3.39732025633e-05
3.38471476622e-05
3.3721188643e-05
3.35955140729e-05
3.34703153913e-05
3.33457764086e-05
3.3222063656e-05
3.30993180798e-05
3.29776484857e-05
3.28571270267e-05
3.27377869039e-05
3.26196223178e-05
3.25025905847e-05
3.23866162043e-05
3.22715965719e-05
3.21574089531e-05
3.20439182353e-05
3.1930985032e-05
3.18184736222e-05
3.17062592829e-05
3.15942346396e-05
3.14823146877e-05
3.13704402746e-05
3.12585799011e-05
3.1146729825e-05
3.10349125422e-05
3.09231738132e-05
3.08115784927e-05
3.07002054595e-05
3.05891420085e-05
3.04784780621e-05
3.03683005622e-05
3.02586883698e-05
3.01497079555e-05
3.0041410098e-05
2.99338277349e-05
2.98269750326e-05
2.972084766e-05
2.96154241786e-05
2.95106683954e-05
2.94065324744e-05
2.93029605622e-05
2.91998926714e-05
2.90972685629e-05
2.89950313722e-05
2.88931307778e-05
2.87915255364e-05
2.86901852587e-05
2.85890913795e-05
2.84882372978e-05
2.83876277488e-05
2.82872774969e-05
2.81872094856e-05
2.80874526032e-05
2.79880392389e-05
2.78890028054e-05
2.77903753915e-05
2.769218569e-05
2.75944573162e-05
2.74972075951e-05
2.74004468625e-05
2.73041782823e-05
2.72083981503e-05
2.71130966239e-05
2.70182587949e-05
2.69238659958e-05
2.68298972511e-05
2.67363307393e-05
2.66431451873e-05
2.6550321102e-05
2.6457841771e-05
2.63656939901e-05
2.62738684927e-05
2.61823600816e-05
2.60911674821e-05
2.60002929528e-05
2.59097417039e-05
2.5819521178e-05
2.57296402564e-05
2.56401084467e-05
2.55509351086e-05
2.54621287615e-05
2.53736965115e-05
2.52856436211e-05
2.51979732348e-05
2.51106862627e-05
2.50237814144e-05
2.49372553667e-05
2.48511030441e-05
2.47653179843e-05
2.46798927625e-05
2.45948194439e-05
2.45100900372e-05
2.44256969235e-05
2.43416332384e-05
2.42578931871e-05
2.41744722788e-05
2.40913674699e-05
2.40085772099e-05
2.39261013904e-05
2.38439412e-05
2.37620988969e-05
2.36805775124e-05
2.35993805047e-05
2.35185113854e-05
2.34379733502e-05
2.33577689288e-05
2.32778996976e-05
2.31983660646e-05
2.31191671552e-05
2.30403008062e-05
2.2961763675e-05
2.28835514544e-05
2.28056591793e-05
2.27280815965e-05
2.26508135655e-05
2.25738504506e-05
2.24971884656e-05
2.24208249324e-05
2.23447584283e-05
2.22689887984e-05
2.21935170377e-05
2.21183450427e-05
2.20434752707e-05
2.19689103379e-05
2.18946526045e-05
2.18207038003e-05
2.17470647312e-05
2.16737351088e-05
2.16007135214e-05
2.15279975516e-05
2.14555840251e-05
2.13834693561e-05
2.13116499422e-05
2.12401225564e-05
2.11688846778e-05
2.10979347218e-05
2.10272721306e-05
2.09568973233e-05
2.08868115062e-05
2.08170163863e-05
2.07475138243e-05
2.06783054909e-05
2.06093925748e-05
2.05407755907e-05
2.04724543132e-05
2.04044278429e-05
2.0336694789e-05
2.02692535309e-05
2.02021025156e-05
2.01352405294e-05
2.00686669094e-05
2.00023816503e-05
1.99363854033e-05
1.98706793697e-05
1.9805265119e-05
1.97401443728e-05
1.96753187984e-05
1.96107898539e-05
1.95465587114e-05
1.94826262698e-05
1.94189932481e-05
1.93556603335e-05
1.92926283488e-05
1.92298984092e-05
1.91674720279e-05
1.91053511669e-05
1.90435382202e-05
1.89820359505e-05
1.89208474017e-05
1.88599758116e-05
1.87994245519e-05
1.87391971135e-05
1.86792971331e-05
1.86197284586e-05
1.85604952371e-05
1.85016020043e-05
1.84430537573e-05
1.83848560087e-05
1.83270148083e-05
1.82695367586e-05
1.82124290123e-05
1.81556992874e-05
1.80993558924e-05
1.8043407777e-05
1.79878646e-05
1.7932736811e-05
1.78780357394e-05
1.78237736869e-05
1.77699640173e-05
1.77166212458e-05
1.76637611381e-05
1.76114008168e-05
1.75595588838e-05
1.75082555639e-05
1.74575128648e-05
1.74073547578e-05
1.73578073785e-05
1.73088992496e-05
1.7260661525e-05
1.7213128263e-05
1.71663367365e-05
1.71203277767e-05
1.70751461669e-05
1.70308410786e-05
1.6987466576e-05
1.69450821738e-05
1.6903753475e-05
1.68635528939e-05
1.68245604793e-05
1.67868648516e-05
1.67505642775e-05
1.67157678986e-05
1.66825971415e-05
1.66511873407e-05
1.66216896098e-05
1.65942730042e-05
1.6569127034e-05
1.65464645786e-05
1.65265252913e-05
1.65095795786e-05
1.64959332691e-05
1.64859331082e-05
1.64799732486e-05
1.64785029402e-05
1.64820356806e-05
1.64911601396e-05
1.65065532587e-05
1.65289960241e-05
1.65593925444e-05
1.65987932318e-05
1.66484231231e-05
1.67097166257e-05
1.67843604449e-05
1.68743468883e-05
1.69820404489e-05
1.71102616467e-05
1.72623932317e-05
1.74425158498e-05
1.76555827897e-05
1.79076470285e-05
1.82061592818e-05
1.85603634655e-05
1.8981827414e-05
1.9485164831e-05
2.00890312489e-05
2.08175209792e-05
2.1702161797e-05
2.27848238358e-05
2.41220633131e-05
2.57917921625e-05
2.79038597762e-05
3.06175123637e-05
3.41716142726e-05
3.89401853015e-05
4.55426282328e-05
5.50862849291e-05
6.97840280747e-05
9.49193825095e-05
0.00014815625271
--
