SFS :
allele count	avg# mutations	standard dev	coeff of variation (aka relative standard deviation)
1	0.390925	0.00116768	0.00298698
2	0.134584	0.000510639	0.0037942
3	0.0682546	0.000389478	0.00570624
4	0.0414713	0.000292478	0.00705255
5	0.028009	0.000215763	0.00770335
6	0.0202945	0.000166706	0.00821435
7	0.0154675	0.000137978	0.00892052
8	0.0122485	0.000120359	0.00982641
9	0.00999498	0.000108114	0.0108168
10	0.00835558	9.84844e-05	0.0117867
11	0.00712539	9.05802e-05	0.0127123
12	0.00617829	8.44142e-05	0.013663
13	0.00543324	7.98855e-05	0.0147031
14	0.0048362	7.63557e-05	0.0157884
15	0.00435012	7.29898e-05	0.0167788
16	0.00394882	6.92314e-05	0.0175322
17	0.00361348	6.49559e-05	0.017976
18	0.00333033	6.03482e-05	0.0181208
19	0.00308905	5.57087e-05	0.0180342
20	0.00288183	5.13264e-05	0.0178103
21	0.0027026	4.74496e-05	0.017557
22	0.0025466	4.43118e-05	0.0174004
23	0.00241005	4.21336e-05	0.0174825
24	0.00228988	4.10626e-05	0.0179323
25	0.00218348	4.10798e-05	0.0188139
26	0.00208878	4.19725e-05	0.0200943
27	0.00200399	4.3401e-05	0.0216573
28	0.00192764	4.50067e-05	0.0233481
29	0.00185849	4.64907e-05	0.0250153
30	0.00179552	4.76417e-05	0.0265337
31	0.00173786	4.8334e-05	0.0278124
32	0.00168486	4.85148e-05	0.0287945
33	0.00163596	4.81869e-05	0.0294549
34	0.00159069	4.73961e-05	0.029796
35	0.00154865	4.62194e-05	0.0298449
36	0.00150952	4.47552e-05	0.0296486
37	0.00147307	4.31149e-05	0.0292687
38	0.00143901	4.14089e-05	0.0287759
39	0.00140715	3.97415e-05	0.0282426
40	0.00137726	3.81977e-05	0.0277346
41	0.00134919	3.68365e-05	0.0273026
42	0.00132278	3.56825e-05	0.0269753
43	0.00129791	3.47257e-05	0.0267552
44	0.00127443	3.39275e-05	0.0266218
45	0.00125224	3.32317e-05	0.0265379
46	0.00123122	3.25801e-05	0.0264616
47	0.00121129	3.19251e-05	0.0263562
48	0.00119233	3.12377e-05	0.0261988
49	0.0011743	3.05123e-05	0.0259834
50	0.00115712	2.97609e-05	0.0257197
51	0.00114072	2.90071e-05	0.0254288
52	0.00112501	2.82792e-05	0.0251368
53	0.00110998	2.76034e-05	0.0248684
54	0.00109556	2.6997e-05	0.0246422
55	0.00108171	2.64677e-05	0.0244685
56	0.00106839	2.60143e-05	0.024349
57	0.00105558	2.56284e-05	0.0242789
58	0.00104324	2.52979e-05	0.0242493
59	0.00103134	2.50093e-05	0.0242494
60	0.00101985	2.47502e-05	0.0242685
61	0.00100872	2.45089e-05	0.0242971
62	0.000997933	2.42775e-05	0.0243278
63	0.00098745	2.40501e-05	0.0243558
64	0.000977248	2.38243e-05	0.024379
65	0.000967298	2.36005e-05	0.0243984
66	0.000957583	2.3382e-05	0.0244177
67	0.000948065	2.31728e-05	0.0244422
68	0.000938731	2.29784e-05	0.0244781
69	0.000929566	2.2803e-05	0.0245308
70	0.000920561	2.26489e-05	0.0246034
71	0.000911705	2.25151e-05	0.0246955
72	0.000903023	2.23978e-05	0.0248032
73	0.000894451	2.2288e-05	0.0249181
74	0.000886029	2.2177e-05	0.0250296
75	0.000877762	2.20545e-05	0.0251258
76	0.000869662	2.19116e-05	0.0251956
77	0.000861715	2.17419e-05	0.025231
78	0.000853941	2.15434e-05	0.0252282
79	0.000846335	2.13186e-05	0.0251893
80	0.000838894	2.10745e-05	0.0251218
81	0.00083162	2.08222e-05	0.0250381
82	0.000824538	2.05755e-05	0.024954
83	0.000817625	2.03473e-05	0.0248859
84	0.000810885	2.01495e-05	0.0248488
85	0.000804296	1.99897e-05	0.0248537
86	0.000797863	1.98713e-05	0.0249057
87	0.000791592	1.97928e-05	0.0250038
88	0.00078544	1.97473e-05	0.0251417
89	0.000779416	1.97261e-05	0.0253087
90	0.000773505	1.97187e-05	0.0254926
91	0.000767694	1.97157e-05	0.0256817
92	0.000761974	1.97095e-05	0.0258663
93	0.000756336	1.96958e-05	0.0260411
94	0.000750755	1.96731e-05	0.0262044
95	0.000745229	1.96438e-05	0.0263594
96	0.000739762	1.96132e-05	0.0265128
97	0.000734337	1.95881e-05	0.0266745
98	0.000728966	1.95773e-05	0.0268562
99	0.000723639	1.95891e-05	0.0270702
100	0.000718351	1.96315e-05	0.0273286
101	0.000713121	1.97119e-05	0.0276417
102	0.00070795	1.9835e-05	0.0280176
103	0.00070284	2.00037e-05	0.0284612
104	0.000697794	2.02177e-05	0.0289737
105	0.000692796	2.04738e-05	0.0295524
106	0.000687873	2.07672e-05	0.0301904
107	0.00068303	2.10899e-05	0.030877
108	0.000678293	2.14327e-05	0.031598
109	0.000673606	2.17823e-05	0.0323368
110	0.000668995	2.2127e-05	0.033075
111	0.000664465	2.24546e-05	0.0337935
112	0.000660001	2.27527e-05	0.0344737
113	0.000655607	2.30109e-05	0.0350986
114	0.000651269	2.32202e-05	0.0356537
115	0.00064699	2.33746e-05	0.0361283
116	0.000642757	2.34703e-05	0.0365151
117	0.000638577	2.35071e-05	0.0368116
118	0.000634436	2.34866e-05	0.0370196
119	0.000630342	2.34139e-05	0.0371448
120	0.000626266	2.32951e-05	0.0371967
121	0.000622219	2.31389e-05	0.0371876
122	0.000618194	2.29545e-05	0.0371315
123	0.000614203	2.27519e-05	0.0370431
124	0.000610224	2.25394e-05	0.0369362
125	0.000606253	2.23244e-05	0.0368235
126	0.000602309	2.21134e-05	0.0367144
127	0.000598373	2.19094e-05	0.036615
128	0.000594464	2.17143e-05	0.0365275
129	0.000590566	2.15265e-05	0.0364506
130	0.0005867	2.13436e-05	0.036379
131	0.000582851	2.11605e-05	0.0363051
132	0.000579043	2.09723e-05	0.036219
133	0.000575244	2.0772e-05	0.0361099
134	0.000571478	2.05546e-05	0.0359674
135	0.00056775	2.03151e-05	0.0357817
136	0.00056405	2.00491e-05	0.0355449
137	0.000560383	1.97543e-05	0.0352514
138	0.000556756	1.94298e-05	0.0348982
139	0.000553159	1.9076e-05	0.0344855
140	0.000549617	1.86958e-05	0.0340161
141	0.000546101	1.82922e-05	0.033496
142	0.000542636	1.78709e-05	0.0329335
143	0.000539212	1.74377e-05	0.0323393
144	0.000535821	1.69993e-05	0.0317258
145	0.000532469	1.65632e-05	0.0311065
146	0.000529165	1.61372e-05	0.0304956
147	0.0005259	1.57283e-05	0.0299074
148	0.000522666	1.5343e-05	0.0293553
149	0.00051947	1.49876e-05	0.0288517
150	0.000516307	1.46668e-05	0.0284072
151	0.000513183	1.43849e-05	0.0280307
152	0.000510093	1.41441e-05	0.0277284
153	0.000507045	1.3946e-05	0.0275044
154	0.000504033	1.37905e-05	0.0273602
155	0.000501051	1.36765e-05	0.0272956
156	0.000498124	1.36029e-05	0.0273083
157	0.000495215	1.35661e-05	0.0273944
158	0.000492336	1.35634e-05	0.027549
159	0.000489482	1.35911e-05	0.0277663
160	0.000486662	1.36458e-05	0.0280397
161	0.000483872	1.37237e-05	0.0283623
162	0.000481107	1.38208e-05	0.028727
163	0.000478363	1.39331e-05	0.0291266
164	0.000475651	1.4057e-05	0.0295532
165	0.00047295	1.41882e-05	0.0299993
166	0.000470273	1.43232e-05	0.0304573
167	0.000467613	1.44582e-05	0.0309191
168	0.000464925	1.45878e-05	0.0313767
169	0.000462289	1.4711e-05	0.0318221
170	0.000459674	1.48232e-05	0.0322472
171	0.000457061	1.49204e-05	0.0326442
172	0.000454461	1.49998e-05	0.0330057
173	0.000451857	1.5058e-05	0.0333246
174	0.000449261	1.50929e-05	0.0335949
175	0.000446656	1.51023e-05	0.0338119
176	0.000444054	1.50854e-05	0.033972
177	0.000441455	1.50419e-05	0.0340735
178	0.000438845	1.49721e-05	0.034117
179	0.000436237	1.48777e-05	0.0341047
180	0.000433633	1.47614e-05	0.0340413
181	0.00043102	1.46262e-05	0.0339339
182	0.000428415	1.44767e-05	0.0337913
183	0.000425807	1.43175e-05	0.0336244
184	0.000423199	1.4154e-05	0.0334453
185	0.000420609	1.39923e-05	0.0332668
186	0.000418026	1.38375e-05	0.0331019
187	0.000415456	1.36947e-05	0.0329631
188	0.000412904	1.35686e-05	0.0328614
189	0.000410372	1.34625e-05	0.0328054
190	0.000407867	1.33788e-05	0.0328018
191	0.00040538	1.33181e-05	0.0328533
192	0.000402928	1.32805e-05	0.03296
193	0.000400502	1.32639e-05	0.0331182
194	0.000398107	1.32657e-05	0.033322
195	0.000395745	1.32823e-05	0.0335628
196	0.00039342	1.33094e-05	0.03383
197	0.000391123	1.33422e-05	0.0341126
198	0.000388869	1.33765e-05	0.0343986
199	0.000386647	1.34077e-05	0.0346769
200	0.00038446	1.34319e-05	0.034937
201	0.00038231	1.34457e-05	0.0351697
202	0.000380186	1.34462e-05	0.0353675
203	0.000378091	1.34317e-05	0.035525
204	0.000376036	1.34014e-05	0.0356387
205	0.000374001	1.33546e-05	0.0357073
206	0.000371986	1.32916e-05	0.0357314
207	0.000369993	1.32138e-05	0.0357136
208	0.000368024	1.31232e-05	0.0356585
209	0.000366079	1.30221e-05	0.0355719
210	0.000364149	1.29132e-05	0.0354613
211	0.000362235	1.27996e-05	0.035335
212	0.000360329	1.26843e-05	0.0352021
213	0.000358432	1.25709e-05	0.0350719
214	0.000356557	1.24631e-05	0.0349539
215	0.000354695	1.23637e-05	0.0348572
216	0.000352838	1.22752e-05	0.03479
217	0.000350977	1.21998e-05	0.0347596
218	0.000349126	1.21398e-05	0.0347719
219	0.000347278	1.20961e-05	0.0348311
220	0.000345446	1.20698e-05	0.0349397
221	0.000343601	1.20598e-05	0.0350983
222	0.000341758	1.20659e-05	0.0353054
223	0.000339931	1.20873e-05	0.0355581
224	0.000338092	1.21211e-05	0.0358515
225	0.000336257	1.21656e-05	0.0361796
226	0.000334439	1.22188e-05	0.0365352
227	0.000332613	1.2277e-05	0.0369107
228	0.000330833	1.23394e-05	0.0372979
229	0.000329013	1.24e-05	0.0376886
230	0.000327189	1.24578e-05	0.0380751
231	0.000325377	1.25109e-05	0.0384505
232	0.00032357	1.25572e-05	0.0388083
233	0.000321765	1.2595e-05	0.0391434
234	0.000319977	1.26236e-05	0.0394516
235	0.000318201	1.26422e-05	0.0397301
236	0.000316434	1.26502e-05	0.0399773
237	0.000314671	1.26474e-05	0.0401926
238	0.000312927	1.26349e-05	0.0403764
239	0.00031118	1.26122e-05	0.0405303
240	0.000309464	1.25817e-05	0.0406564
241	0.000307755	1.25433e-05	0.0407575
242	0.000306068	1.24989e-05	0.0408368
243	0.000304382	1.24485e-05	0.0408977
244	0.000302729	1.23948e-05	0.0409435
245	0.000301086	1.23378e-05	0.0409776
246	0.000299451	1.22784e-05	0.0410031
247	0.000297836	1.2218e-05	0.0410227
248	0.000296237	1.21572e-05	0.0410386
249	0.000294669	1.2097e-05	0.0410527
250	0.000293109	1.20369e-05	0.0410662
251	0.00029157	1.19776e-05	0.0410795
252	0.000290049	1.19189e-05	0.0410929
253	0.000288539	1.18606e-05	0.0411058
254	0.000287054	1.18028e-05	0.041117
255	0.00028559	1.17448e-05	0.0411247
256	0.000284124	1.16851e-05	0.0411269
257	0.000282687	1.16243e-05	0.0411207
258	0.000281255	1.15604e-05	0.041103
259	0.000279842	1.14933e-05	0.0410706
260	0.000278426	1.1421e-05	0.0410198
261	0.000277019	1.13431e-05	0.0409469
262	0.000275634	1.12593e-05	0.0408486
263	0.00027425	1.11679e-05	0.0407218
264	0.000272878	1.1069e-05	0.0405637
265	0.000271515	1.09618e-05	0.0403727
266	0.000270158	1.08461e-05	0.0401474
267	0.000268801	1.0722e-05	0.0398884
268	0.000267442	1.05899e-05	0.0395968
269	0.000266094	1.0451e-05	0.0392758
270	0.000264752	1.03067e-05	0.0389295
271	0.000263415	1.01583e-05	0.038564
272	0.000262079	1.00079e-05	0.0381868
273	0.00026074	9.85768e-06	0.0378065
274	0.000259414	9.71074e-06	0.0374334
275	0.000258096	9.56979e-06	0.0370784
276	0.000256753	9.43645e-06	0.0367531
277	0.000255445	9.3158e-06	0.0364689
278	0.000254138	9.20926e-06	0.0362373
279	0.000252845	9.1197e-06	0.0360683
280	0.000251564	9.04892e-06	0.0359706
281	0.000250277	8.9977e-06	0.0359509
282	0.000248997	8.96726e-06	0.0360135
283	0.000247736	8.9582e-06	0.0361603
284	0.000246476	8.96932e-06	0.0363902
285	0.000245231	8.99998e-06	0.0367001
286	0.000243981	9.04786e-06	0.0370842
287	0.00024274	9.11135e-06	0.0375354
288	0.00024152	9.18857e-06	0.0380448
289	0.000240302	9.27628e-06	0.0386026
290	0.000239084	9.37182e-06	0.0391988
291	0.000237878	9.47304e-06	0.0398231
292	0.000236666	9.57676e-06	0.0404653
293	0.00023546	9.68108e-06	0.0411156
294	0.000234258	9.78374e-06	0.0417649
295	0.00023307	9.88325e-06	0.0424046
296	0.00023188	9.97706e-06	0.0430267
297	0.000230687	1.00635e-05	0.043624
298	0.0002295	1.01416e-05	0.0441899
299	0.000228319	1.021e-05	0.0447182
300	0.000227141	1.02676e-05	0.0452039
301	0.000225963	1.03134e-05	0.045642
302	0.000224785	1.03464e-05	0.0460282
303	0.000223617	1.03667e-05	0.0463591
304	0.000222445	1.0373e-05	0.0466318
305	0.000221281	1.03657e-05	0.0468442
306	0.000220124	1.03446e-05	0.0469945
307	0.000218971	1.03097e-05	0.0470826
308	0.000217822	1.02612e-05	0.0471083
309	0.000216675	1.01995e-05	0.047073
310	0.000215543	1.0126e-05	0.0469789
311	0.000214411	1.00406e-05	0.0468289
312	0.000213278	9.94459e-06	0.0466273
313	0.00021217	9.84029e-06	0.0463792
314	0.000211072	9.72843e-06	0.0460905
315	0.000209983	9.61054e-06	0.0457681
316	0.000208902	9.48827e-06	0.0454196
317	0.000207828	9.36334e-06	0.0450532
318	0.000206773	9.23805e-06	0.0446773
319	0.000205722	9.11366e-06	0.0443009
320	0.000204686	8.99237e-06	0.0439324
321	0.000203666	8.87583e-06	0.0435804
322	0.000202658	8.7655e-06	0.0432527
323	0.000201661	8.66254e-06	0.042956
324	0.00020065	8.56701e-06	0.0426963
325	0.000199671	8.48159e-06	0.0424778
326	0.000198712	8.40618e-06	0.0423034
327	0.000197757	8.34024e-06	0.0421742
328	0.000196817	8.28406e-06	0.0420902
329	0.00019589	8.23699e-06	0.0420491
330	0.000194974	8.19816e-06	0.0420475
331	0.000194067	8.16648e-06	0.0420808
332	0.000193167	8.14064e-06	0.0421431
333	0.000192272	8.11931e-06	0.0422283
334	0.000191391	8.10147e-06	0.0423293
335	0.000190512	8.08526e-06	0.0424397
336	0.000189631	8.06933e-06	0.0425528
337	0.000188758	8.05294e-06	0.0426627
338	0.000187892	8.03505e-06	0.0427641
339	0.00018703	8.01479e-06	0.0428529
340	0.000186171	7.99149e-06	0.0429256
341	0.000185312	7.96476e-06	0.0429803
342	0.000184451	7.93447e-06	0.0430167
343	0.000183599	7.9011e-06	0.0430346
344	0.000182741	7.86446e-06	0.043036
345	0.000181889	7.82537e-06	0.0430228
346	0.000181028	7.78395e-06	0.0429985
347	0.00018017	7.7413e-06	0.0429667
348	0.000179323	7.69852e-06	0.0429311
349	0.000178463	7.65533e-06	0.0428958
350	0.000177603	7.61277e-06	0.042864
351	0.000176739	7.5713e-06	0.0428389
352	0.000175872	7.53124e-06	0.0428224
353	0.000175	7.49274e-06	0.0428157
354	0.000174133	7.45623e-06	0.0428191
355	0.000173261	7.421e-06	0.0428313
356	0.000172394	7.38706e-06	0.04285
357	0.00017152	7.3535e-06	0.0428726
358	0.000170649	7.32011e-06	0.0428957
359	0.000169782	7.28617e-06	0.0429149
360	0.000168897	7.25015e-06	0.0429264
361	0.000168036	7.21316e-06	0.0429263
362	0.000167177	7.17384e-06	0.0429116
363	0.000166321	7.13177e-06	0.0428795
364	0.000165468	7.08676e-06	0.0428286
365	0.000164627	7.03931e-06	0.0427593
366	0.000163787	6.98915e-06	0.0426721
367	0.00016296	6.93726e-06	0.0425703
368	0.000162134	6.88388e-06	0.0424579
369	0.00016132	6.8303e-06	0.0423402
370	0.000160516	6.77758e-06	0.0422238
371	0.000159722	6.7269e-06	0.0421163
372	0.000158938	6.67944e-06	0.0420255
373	0.000158163	6.6365e-06	0.0419599
374	0.000157396	6.59923e-06	0.0419275
375	0.000156637	6.56874e-06	0.041936
376	0.000155885	6.54595e-06	0.0419922
377	0.000155139	6.53149e-06	0.042101
378	0.000154407	6.52628e-06	0.0422668
379	0.000153679	6.53007e-06	0.0424917
380	0.000152964	6.54314e-06	0.0427758
381	0.00015225	6.56472e-06	0.043118
382	0.000151547	6.59456e-06	0.0435149
383	0.000150844	6.63136e-06	0.0439617
384	0.000150131	6.67367e-06	0.0444524
385	0.000149443	6.72192e-06	0.0449799
386	0.000148761	6.77408e-06	0.0455366
387	0.000148084	6.82877e-06	0.046114
388	0.000147412	6.88471e-06	0.0467039
389	0.000146742	6.94055e-06	0.0472975
390	0.000146075	6.9951e-06	0.047887
391	0.000145418	7.04769e-06	0.0484649
392	0.000144762	7.0968e-06	0.0490239
393	0.000144105	7.14158e-06	0.049558
394	0.000143457	7.1817e-06	0.0500618
395	0.000142807	7.21606e-06	0.0505302
396	0.000142172	7.24513e-06	0.0509604
397	0.000141525	7.26717e-06	0.051349
398	0.000140883	7.2829e-06	0.0516945
399	0.000140246	7.29222e-06	0.0519958
400	0.000139613	7.29518e-06	0.0522528
401	0.000138983	7.29195e-06	0.0524665
402	0.000138347	7.28233e-06	0.0526381
403	0.000137713	7.26711e-06	0.05277
404	0.00013708	7.24672e-06	0.0528648
405	0.000136448	7.22163e-06	0.0529258
406	0.000135825	7.19283e-06	0.0529567
407	0.000135201	7.16042e-06	0.0529615
408	0.000134583	7.12539e-06	0.052944
409	0.000133956	7.08742e-06	0.0529084
410	0.000133335	7.04796e-06	0.0528589
411	0.000132711	7.00702e-06	0.0527989
412	0.000132084	6.96506e-06	0.052732
413	0.000131461	6.92292e-06	0.0526614
414	0.000130842	6.88085e-06	0.0525891
415	0.000130218	6.83871e-06	0.0525174
416	0.000129597	6.79703e-06	0.0524473
417	0.000128971	6.7555e-06	0.0523799
418	0.000128348	6.7145e-06	0.0523148
419	0.000127727	6.67392e-06	0.0522515
420	0.000127108	6.63373e-06	0.0521896
421	0.000126492	6.59362e-06	0.052127
422	0.00012587	6.55312e-06	0.0520628
423	0.00012525	6.51234e-06	0.0519949
424	0.000124632	6.47113e-06	0.0519218
425	0.000124018	6.42933e-06	0.0518421
426	0.000123413	6.38714e-06	0.0517542
427	0.000122812	6.34413e-06	0.0516574
428	0.000122213	6.30029e-06	0.0515516
429	0.000121618	6.25566e-06	0.0514368
430	0.000121027	6.21039e-06	0.0513141
431	0.000120447	6.16504e-06	0.0511846
432	0.000119871	6.11951e-06	0.0510508
433	0.000119299	6.07416e-06	0.0509153
434	0.000118739	6.0297e-06	0.0507811
435	0.000118183	5.98624e-06	0.0506521
436	0.000117632	5.94419e-06	0.050532
437	0.000117093	5.90437e-06	0.0504248
438	0.000116557	5.86685e-06	0.0503345
439	0.000116033	5.83232e-06	0.0502643
440	0.00011552	5.80117e-06	0.050218
441	0.00011501	5.77323e-06	0.0501976
442	0.00011451	5.74903e-06	0.0502053
443	0.00011402	5.72867e-06	0.0502425
444	0.000113525	5.7114e-06	0.0503094
445	0.000113046	5.69808e-06	0.050405
446	0.000112574	5.68818e-06	0.0505283
447	0.000112109	5.68133e-06	0.0506767
448	0.000111644	5.67686e-06	0.050848
449	0.000111184	5.67459e-06	0.0510381
450	0.000110728	5.6741e-06	0.0512436
451	0.000110276	5.67484e-06	0.0514604
452	0.000109826	5.6763e-06	0.0516843
453	0.000109379	5.67805e-06	0.0519119
454	0.000108932	5.6796e-06	0.052139
455	0.000108485	5.68058e-06	0.0523626
456	0.000108051	5.68132e-06	0.0525799
457	0.000107602	5.68017e-06	0.0527887
458	0.00010715	5.67765e-06	0.0529876
459	0.000106696	5.67362e-06	0.0531755
460	0.000106244	5.6683e-06	0.0533516
461	0.000105788	5.66137e-06	0.053516
462	0.000105327	5.65283e-06	0.0536691
463	0.000104861	5.64274e-06	0.0538114
464	0.00010439	5.63114e-06	0.0539434
465	0.000103919	5.61846e-06	0.0540658
466	0.000103442	5.60438e-06	0.0541788
467	0.000102959	5.58894e-06	0.054283
468	0.000102483	5.57284e-06	0.054378
469	0.000101995	5.555e-06	0.0544634
470	0.000101502	5.53572e-06	0.0545383
471	0.000101009	5.51524e-06	0.0546015
472	0.000100512	5.49314e-06	0.0546518
473	0.00010001	5.46928e-06	0.0546872
474	9.95111e-05	5.44389e-06	0.0547064
475	9.90091e-05	5.41662e-06	0.0547083
476	9.85048e-05	5.38738e-06	0.0546915
477	9.80051e-05	5.35653e-06	0.0546556
478	9.75046e-05	5.32384e-06	0.0546009
479	9.70103e-05	5.28983e-06	0.0545286
480	9.65168e-05	5.25445e-06	0.0544408
481	9.60311e-05	5.21836e-06	0.0543404
482	9.55479e-05	5.18175e-06	0.0542319
483	9.5074e-05	5.14547e-06	0.0541207
484	9.46041e-05	5.10984e-06	0.0540128
485	9.41449e-05	5.07588e-06	0.0539156
486	9.36911e-05	5.04402e-06	0.0538367
487	9.32491e-05	5.01534e-06	0.0537843
488	9.28135e-05	4.99023e-06	0.0537662
489	9.23905e-05	4.96972e-06	0.0537904
490	9.19803e-05	4.95438e-06	0.0538635
491	9.15774e-05	4.94441e-06	0.0539916
492	9.11875e-05	4.94047e-06	0.0541792
493	9.08049e-05	4.94245e-06	0.0544294
494	9.04351e-05	4.95068e-06	0.0547429
495	9.00722e-05	4.96473e-06	0.0551195
496	8.97215e-05	4.98457e-06	0.055556
497	8.93823e-05	5.00976e-06	0.0560487
498	8.90488e-05	5.03938e-06	0.0565912
499	8.87257e-05	5.07308e-06	0.0571772
500	8.84069e-05	5.10972e-06	0.0577978
501	8.80969e-05	5.14881e-06	0.0584448
502	8.77951e-05	5.18954e-06	0.0591097
503	8.74952e-05	5.23075e-06	0.0597832
504	8.72017e-05	5.27195e-06	0.060457
505	8.69084e-05	5.31215e-06	0.0611235
506	8.66197e-05	5.35095e-06	0.0617753
507	8.63347e-05	5.38781e-06	0.0624061
508	8.60475e-05	5.42194e-06	0.063011
509	8.57623e-05	5.45322e-06	0.0635853
510	8.54734e-05	5.48108e-06	0.0641261
511	8.51853e-05	5.50557e-06	0.0646305
512	8.48922e-05	5.52626e-06	0.0650974
513	8.45989e-05	5.54339e-06	0.0655256
514	8.43048e-05	5.55691e-06	0.0659146
515	8.40045e-05	5.56653e-06	0.0662647
516	8.3703e-05	5.5726e-06	0.0665759
517	8.3395e-05	5.57487e-06	0.066849
518	8.30856e-05	5.57372e-06	0.0670841
519	8.27698e-05	5.56891e-06	0.0672819
520	8.24528e-05	5.56083e-06	0.0674426
521	8.21297e-05	5.54916e-06	0.0675658
522	8.18061e-05	5.53435e-06	0.067652
523	8.14772e-05	5.51605e-06	0.0677006
524	8.11484e-05	5.49465e-06	0.0677111
525	8.08154e-05	5.46986e-06	0.0676834
526	8.04836e-05	5.44207e-06	0.0676171
527	8.01486e-05	5.411e-06	0.0675121
528	7.98111e-05	5.37676e-06	0.0673685
529	7.94765e-05	5.33979e-06	0.067187
530	7.91404e-05	5.29995e-06	0.0669689
531	7.88036e-05	5.25745e-06	0.0667158
532	7.84714e-05	5.21287e-06	0.0664302
533	7.81394e-05	5.1662e-06	0.0661152
534	7.78033e-05	5.1175e-06	0.0657749
535	7.74778e-05	5.0681e-06	0.0654136
536	7.71537e-05	5.01784e-06	0.0650369
537	7.68313e-05	4.96719e-06	0.0646506
538	7.65155e-05	4.91699e-06	0.0642614
539	7.62016e-05	4.86742e-06	0.0638756
540	7.58899e-05	4.81903e-06	0.0635004
541	7.55801e-05	4.7724e-06	0.0631435
542	7.52725e-05	4.72794e-06	0.0628111
543	7.49713e-05	4.68649e-06	0.0625105
544	7.46717e-05	4.64818e-06	0.0622482
545	7.43737e-05	4.61335e-06	0.0620293
546	7.40678e-05	4.58174e-06	0.0618587
547	7.3772e-05	4.55471e-06	0.0617404
548	7.34768e-05	4.53179e-06	0.0616765
549	7.3182e-05	4.513e-06	0.0616682
550	7.28872e-05	4.49828e-06	0.0617156
551	7.25922e-05	4.4874e-06	0.0618165
552	7.22968e-05	4.48005e-06	0.0619675
553	7.20007e-05	4.4758e-06	0.0621633
554	7.17037e-05	4.4742e-06	0.0623985
555	7.14012e-05	4.47431e-06	0.0626643
556	7.10977e-05	4.47575e-06	0.0629521
557	7.0793e-05	4.47782e-06	0.0632523
558	7.04916e-05	4.47999e-06	0.0635535
559	7.01805e-05	4.48068e-06	0.0638451
560	6.98685e-05	4.47968e-06	0.0641158
561	6.9556e-05	4.47625e-06	0.0643546
562	6.92388e-05	4.46944e-06	0.0645511
563	6.89218e-05	4.45892e-06	0.0646954
564	6.86051e-05	4.44418e-06	0.0647791
565	6.82851e-05	4.42454e-06	0.0647951
566	6.79666e-05	4.40003e-06	0.0647381
567	6.76458e-05	4.37028e-06	0.0646054
568	6.73236e-05	4.33532e-06	0.0643953
569	6.70044e-05	4.2956e-06	0.0641092
570	6.66851e-05	4.25124e-06	0.063751
571	6.63661e-05	4.20271e-06	0.0633262
572	6.60522e-05	4.15096e-06	0.0628436
573	6.57403e-05	4.09655e-06	0.0623142
574	6.54306e-05	4.04036e-06	0.0617503
575	6.51242e-05	3.98341e-06	0.0611663
576	6.48215e-05	3.92676e-06	0.060578
577	6.4527e-05	3.87172e-06	0.0600015
578	6.42375e-05	3.81913e-06	0.0594533
579	6.39534e-05	3.77002e-06	0.0589496
580	6.36752e-05	3.72535e-06	0.0585056
581	6.33993e-05	3.68567e-06	0.0581342
582	6.31302e-05	3.65186e-06	0.0578464
583	6.28682e-05	3.62437e-06	0.0576504
584	6.26133e-05	3.60344e-06	0.0575507
585	6.2366e-05	3.58916e-06	0.05755
586	6.21223e-05	3.58113e-06	0.0576465
587	6.18864e-05	3.57928e-06	0.0578363
588	6.16542e-05	3.5829e-06	0.0581129
589	6.14297e-05	3.59165e-06	0.0584676
590	6.12127e-05	3.60483e-06	0.0588903
591	6.09993e-05	3.62156e-06	0.0593705
592	6.07894e-05	3.64111e-06	0.0598971
593	6.05863e-05	3.66299e-06	0.060459
594	6.03826e-05	3.68609e-06	0.0610455
595	6.01852e-05	3.71025e-06	0.0616473
596	5.99901e-05	3.73472e-06	0.0622556
597	5.98008e-05	3.75924e-06	0.0628628
598	5.96133e-05	3.7832e-06	0.0634623
599	5.94272e-05	3.80621e-06	0.0640483
600	5.92422e-05	3.82804e-06	0.0646168
601	5.90545e-05	3.84823e-06	0.065164
602	5.88674e-05	3.86678e-06	0.0656862
603	5.86807e-05	3.88359e-06	0.0661816
604	5.84944e-05	3.89854e-06	0.0666481
605	5.83081e-05	3.91155e-06	0.0670842
606	5.81148e-05	3.92206e-06	0.0674882
607	5.79252e-05	3.93073e-06	0.0678587
608	5.77321e-05	3.93705e-06	0.0681952
609	5.75392e-05	3.94123e-06	0.0684964
610	5.73433e-05	3.94298e-06	0.0687609
611	5.71443e-05	3.9423e-06	0.0689884
612	5.69464e-05	3.93947e-06	0.0691786
613	5.67461e-05	3.93429e-06	0.0693315
614	5.6544e-05	3.92684e-06	0.0694475
615	5.63404e-05	3.91722e-06	0.0695277
616	5.61358e-05	3.90559e-06	0.069574
617	5.59307e-05	3.89217e-06	0.069589
618	5.57325e-05	3.8777e-06	0.0695771
619	5.55279e-05	3.86154e-06	0.0695425
620	5.53209e-05	3.84432e-06	0.0694913
621	5.51155e-05	3.8267e-06	0.0694306
622	5.49088e-05	3.80894e-06	0.0693684
623	5.47047e-05	3.79177e-06	0.0693134
624	5.45002e-05	3.77551e-06	0.0692752
625	5.42991e-05	3.76095e-06	0.0692636
626	5.40984e-05	3.74838e-06	0.0692883
627	5.38986e-05	3.73835e-06	0.0693589
628	5.36999e-05	3.7313e-06	0.0694842
629	5.35027e-05	3.7276e-06	0.0696713
630	5.33071e-05	3.72759e-06	0.0699266
631	5.31134e-05	3.73144e-06	0.0702542
632	5.29217e-05	3.7392e-06	0.0706554
633	5.27321e-05	3.75084e-06	0.0711301
634	5.25447e-05	3.76615e-06	0.0716751
635	5.23563e-05	3.7846e-06	0.0722854
636	5.21703e-05	3.80599e-06	0.0729533
637	5.19833e-05	3.82958e-06	0.0736694
638	5.17986e-05	3.855e-06	0.0744228
639	5.1613e-05	3.88137e-06	0.0752013
640	5.14266e-05	3.90802e-06	0.0759922
641	5.12392e-05	3.93425e-06	0.0767821
642	5.10571e-05	3.95988e-06	0.0775579
643	5.08679e-05	3.98335e-06	0.0783077
644	5.06777e-05	4.00454e-06	0.0790198
645	5.04867e-05	4.02302e-06	0.0796847
646	5.02917e-05	4.0381e-06	0.0802935
647	5.00959e-05	4.04978e-06	0.0808405
648	4.98963e-05	4.05762e-06	0.081321
649	4.96961e-05	4.06181e-06	0.081733
650	4.94923e-05	4.06218e-06	0.0820769
651	4.92851e-05	4.05887e-06	0.0823549
652	4.90747e-05	4.05221e-06	0.0825723
653	4.88613e-05	4.04255e-06	0.0827351
654	4.86423e-05	4.0301e-06	0.0828519
655	4.84237e-05	4.01589e-06	0.0829324
656	4.8203e-05	4.00024e-06	0.0829874
657	4.79775e-05	3.98349e-06	0.0830282
658	4.77507e-05	3.96648e-06	0.0830664
659	4.752e-05	3.94949e-06	0.0831123
660	4.72888e-05	3.93334e-06	0.0831769
661	4.70549e-05	3.91816e-06	0.083268
662	4.68187e-05	3.90436e-06	0.0833932
663	4.65808e-05	3.89213e-06	0.0835565
664	4.63421e-05	3.88167e-06	0.0837613
665	4.6103e-05	3.87302e-06	0.0840079
666	4.58645e-05	3.86615e-06	0.0842951
667	4.56245e-05	3.86068e-06	0.0846187
668	4.53837e-05	3.85649e-06	0.0849752
669	4.51459e-05	3.85357e-06	0.0853581
670	4.4909e-05	3.85149e-06	0.085762
671	4.4674e-05	3.85007e-06	0.0861816
672	4.44417e-05	3.84913e-06	0.0866108
673	4.42129e-05	3.84858e-06	0.0870465
674	4.39886e-05	3.84841e-06	0.0874865
675	4.37694e-05	3.84864e-06	0.0879299
676	4.35536e-05	3.84921e-06	0.0883787
677	4.33444e-05	3.85053e-06	0.0888356
678	4.31453e-05	3.85314e-06	0.089306
679	4.29463e-05	3.85642e-06	0.0897963
680	4.27533e-05	3.8612e-06	0.0903135
681	4.25668e-05	3.86788e-06	0.0908661
682	4.23873e-05	3.8768e-06	0.0914612
683	4.22152e-05	3.88827e-06	0.0921059
684	4.2048e-05	3.90229e-06	0.0928054
685	4.18888e-05	3.91926e-06	0.0935636
686	4.1735e-05	3.939e-06	0.0943812
687	4.15867e-05	3.96141e-06	0.0952567
688	4.1444e-05	3.98631e-06	0.0961854
689	4.13069e-05	4.01338e-06	0.09716
690	4.11777e-05	4.04245e-06	0.0981708
691	4.10513e-05	4.07248e-06	0.0992046
692	4.09275e-05	4.10288e-06	0.100248
693	4.08086e-05	4.13323e-06	0.101283
694	4.0692e-05	4.16258e-06	0.102295
695	4.05773e-05	4.19018e-06	0.103264
696	4.04643e-05	4.21535e-06	0.104174
697	4.03529e-05	4.23739e-06	0.105008
698	4.02428e-05	4.25565e-06	0.105749
699	4.01315e-05	4.2693e-06	0.106383
700	4.00212e-05	4.27807e-06	0.106895
701	3.99095e-05	4.28129e-06	0.107275
702	3.97963e-05	4.27861e-06	0.107513
703	3.96817e-05	4.26978e-06	0.107601
704	3.95657e-05	4.25465e-06	0.107534
705	3.94486e-05	4.23322e-06	0.10731
706	3.93282e-05	4.20526e-06	0.106927
707	3.92048e-05	4.17095e-06	0.106389
708	3.9081e-05	4.13084e-06	0.105699
709	3.8955e-05	4.08504e-06	0.104866
710	3.88272e-05	4.03406e-06	0.103898
711	3.86958e-05	3.97822e-06	0.102808
712	3.85635e-05	3.91846e-06	0.101611
713	3.84288e-05	3.85532e-06	0.100324
714	3.82922e-05	3.78965e-06	0.0989666
715	3.81567e-05	3.72263e-06	0.0975617
716	3.80205e-05	3.65501e-06	0.0961328
717	3.7882e-05	3.58765e-06	0.0947058
718	3.77442e-05	3.52184e-06	0.0933083
719	3.76054e-05	3.45847e-06	0.0919675
720	3.74685e-05	3.39885e-06	0.0907123
721	3.73319e-05	3.34379e-06	0.0895693
722	3.71938e-05	3.29403e-06	0.0885639
723	3.70573e-05	3.25062e-06	0.0877188
724	3.69227e-05	3.21423e-06	0.0870529
725	3.67885e-05	3.18513e-06	0.0865795
726	3.66597e-05	3.164e-06	0.0863073
727	3.65277e-05	3.15006e-06	0.0862376
728	3.63976e-05	3.1435e-06	0.0863656
729	3.62699e-05	3.14388e-06	0.0866803
730	3.61427e-05	3.15036e-06	0.0871645
731	3.60167e-05	3.16214e-06	0.0877965
732	3.58923e-05	3.17825e-06	0.0885497
733	3.57698e-05	3.19769e-06	0.0893966
734	3.56497e-05	3.21938e-06	0.090306
735	3.55302e-05	3.24206e-06	0.0912479
736	3.54118e-05	3.26472e-06	0.092193
737	3.52948e-05	3.28644e-06	0.0931139
738	3.51798e-05	3.30638e-06	0.0939855
739	3.50669e-05	3.32381e-06	0.0947849
740	3.49545e-05	3.33799e-06	0.0954955
741	3.4845e-05	3.34864e-06	0.096101
742	3.47367e-05	3.35528e-06	0.0965918
743	3.46278e-05	3.3575e-06	0.0969595
744	3.45208e-05	3.35543e-06	0.0972002
745	3.44138e-05	3.34892e-06	0.0973132
746	3.43093e-05	3.33826e-06	0.097299
747	3.42035e-05	3.32324e-06	0.0971608
748	3.40987e-05	3.30426e-06	0.0969029
749	3.39953e-05	3.28161e-06	0.0965312
750	3.38915e-05	3.25533e-06	0.0960515
751	3.37876e-05	3.22572e-06	0.0954705
752	3.3684e-05	3.19308e-06	0.094795
753	3.35791e-05	3.15753e-06	0.0940326
754	3.34753e-05	3.1196e-06	0.0931911
755	3.33709e-05	3.07946e-06	0.0922798
756	3.32663e-05	3.03751e-06	0.091309
757	3.316e-05	2.99405e-06	0.090291
758	3.30526e-05	2.94967e-06	0.0892419
759	3.29464e-05	2.90519e-06	0.0881794
760	3.2838e-05	2.86099e-06	0.0871244
761	3.273e-05	2.8181e-06	0.0861015
762	3.26208e-05	2.77727e-06	0.0851379
763	3.25132e-05	2.73964e-06	0.0842624
764	3.24036e-05	2.70586e-06	0.083505
765	3.22947e-05	2.67705e-06	0.0828944
766	3.2185e-05	2.6539e-06	0.0824578
767	3.20751e-05	2.63712e-06	0.082217
768	3.19657e-05	2.62722e-06	0.0821886
769	3.18573e-05	2.62444e-06	0.0823812
770	3.17484e-05	2.62863e-06	0.0827955
771	3.16397e-05	2.63948e-06	0.083423
772	3.15317e-05	2.65648e-06	0.0842481
773	3.14229e-05	2.67877e-06	0.0852491
774	3.131e-05	2.70515e-06	0.0863986
775	3.12014e-05	2.73535e-06	0.0876677
776	3.10916e-05	2.76792e-06	0.0890248
777	3.09831e-05	2.80214e-06	0.0904407
778	3.08746e-05	2.83705e-06	0.0918893
779	3.07648e-05	2.87177e-06	0.0933462
780	3.06559e-05	2.90597e-06	0.0947932
781	3.05468e-05	2.9391e-06	0.0962162
782	3.04362e-05	2.97074e-06	0.0976057
783	3.03265e-05	3.00095e-06	0.0989547
784	3.02165e-05	3.02955e-06	0.100261
785	3.0107e-05	3.05657e-06	0.101524
786	2.99967e-05	3.08193e-06	0.102742
787	2.98864e-05	3.10565e-06	0.103915
788	2.97768e-05	3.12778e-06	0.105041
789	2.96686e-05	3.14827e-06	0.106114
790	2.95607e-05	3.1668e-06	0.107129
791	2.9453e-05	3.18311e-06	0.108074
792	2.9346e-05	3.19687e-06	0.108937
793	2.92398e-05	3.20768e-06	0.109702
794	2.91348e-05	3.21518e-06	0.110355
795	2.90309e-05	3.21895e-06	0.11088
796	2.89277e-05	3.21859e-06	0.111263
797	2.8825e-05	3.21384e-06	0.111495
798	2.87224e-05	3.20449e-06	0.111568
799	2.86214e-05	3.19077e-06	0.111482
800	2.85206e-05	3.17272e-06	0.111243
801	2.84196e-05	3.15074e-06	0.110865
802	2.83189e-05	3.1254e-06	0.110365
803	2.82181e-05	3.09742e-06	0.109767
804	2.81167e-05	3.06766e-06	0.109105
805	2.80152e-05	3.03707e-06	0.108408
806	2.79124e-05	3.00657e-06	0.107714
807	2.78087e-05	2.97719e-06	0.107059
808	2.77039e-05	2.94982e-06	0.106477
809	2.75977e-05	2.92524e-06	0.105996
810	2.74898e-05	2.90413e-06	0.105644
811	2.7381e-05	2.88701e-06	0.105438
812	2.72702e-05	2.8741e-06	0.105393
813	2.71584e-05	2.86561e-06	0.105515
814	2.70455e-05	2.86152e-06	0.105804
815	2.69316e-05	2.86165e-06	0.106256
816	2.68168e-05	2.86578e-06	0.106865
817	2.67011e-05	2.87358e-06	0.10762
818	2.65857e-05	2.88481e-06	0.10851
819	2.64698e-05	2.89901e-06	0.109521
820	2.63537e-05	2.91579e-06	0.11064
821	2.62384e-05	2.93484e-06	0.111853
822	2.61231e-05	2.95568e-06	0.113144
823	2.60089e-05	2.97795e-06	0.114497
824	2.58959e-05	3.00121e-06	0.115895
825	2.57833e-05	3.02487e-06	0.117319
826	2.5672e-05	3.04851e-06	0.118749
827	2.5562e-05	3.07164e-06	0.120164
828	2.54524e-05	3.09367e-06	0.121547
829	2.53441e-05	3.11428e-06	0.12288
830	2.5236e-05	3.13296e-06	0.124146
831	2.51291e-05	3.14956e-06	0.125335
832	2.50222e-05	3.16382e-06	0.12644
833	2.49163e-05	3.17581e-06	0.127459
834	2.48127e-05	3.18582e-06	0.128395
835	2.47069e-05	3.19351e-06	0.129256
836	2.46012e-05	3.19951e-06	0.130055
837	2.44957e-05	3.20427e-06	0.130809
838	2.439e-05	3.20812e-06	0.131534
839	2.42849e-05	3.21166e-06	0.132249
840	2.41801e-05	3.2152e-06	0.132969
841	2.40759e-05	3.21911e-06	0.133707
842	2.39729e-05	3.22362e-06	0.134469
843	2.38715e-05	3.2288e-06	0.135258
844	2.37716e-05	3.23455e-06	0.136068
845	2.36737e-05	3.24066e-06	0.136889
846	2.35778e-05	3.24671e-06	0.137702
847	2.34858e-05	3.25248e-06	0.138487
848	2.3397e-05	3.2573e-06	0.139219
849	2.33119e-05	3.26068e-06	0.139872
850	2.3231e-05	3.26215e-06	0.140423
851	2.31541e-05	3.26122e-06	0.140849
852	2.30817e-05	3.2576e-06	0.141134
853	2.30134e-05	3.25104e-06	0.141268
854	2.29495e-05	3.24155e-06	0.141247
855	2.28898e-05	3.2292e-06	0.141076
856	2.28342e-05	3.21437e-06	0.14077
857	2.27832e-05	3.19752e-06	0.140346
858	2.2736e-05	3.17923e-06	0.139833
859	2.26921e-05	3.16012e-06	0.139261
860	2.26516e-05	3.141e-06	0.138666
861	2.26144e-05	3.12272e-06	0.138085
862	2.25792e-05	3.1059e-06	0.137556
863	2.25466e-05	3.09141e-06	0.137112
864	2.25153e-05	3.07976e-06	0.136785
865	2.24851e-05	3.07159e-06	0.136605
866	2.24552e-05	3.06729e-06	0.136596
867	2.24249e-05	3.06723e-06	0.136778
868	2.2394e-05	3.07173e-06	0.137168
869	2.23617e-05	3.08104e-06	0.137782
870	2.23267e-05	3.09523e-06	0.138634
871	2.22894e-05	3.11459e-06	0.139734
872	2.22485e-05	3.13911e-06	0.141093
873	2.2204e-05	3.16898e-06	0.142721
874	2.21546e-05	3.20405e-06	0.144622
875	2.21007e-05	3.24433e-06	0.146798
876	2.2041e-05	3.28949e-06	0.149244
877	2.19761e-05	3.33927e-06	0.15195
878	2.19051e-05	3.39303e-06	0.154897
879	2.18281e-05	3.45005e-06	0.158056
880	2.17458e-05	3.50956e-06	0.16139
881	2.1658e-05	3.57039e-06	0.164853
882	2.1565e-05	3.63135e-06	0.168391
883	2.14667e-05	3.69102e-06	0.171941
884	2.13645e-05	3.74811e-06	0.175437
885	2.12583e-05	3.80107e-06	0.178804
886	2.1149e-05	3.84849e-06	0.181971
887	2.10367e-05	3.88886e-06	0.184861
888	2.09225e-05	3.92097e-06	0.187405
889	2.08064e-05	3.94367e-06	0.189541
890	2.06893e-05	3.95617e-06	0.191218
891	2.05717e-05	3.95799e-06	0.1924
892	2.04541e-05	3.94917e-06	0.193074
893	2.0337e-05	3.93014e-06	0.193251
894	2.02199e-05	3.90178e-06	0.192967
895	2.01049e-05	3.86596e-06	0.19229
896	1.99915e-05	3.82463e-06	0.191313
897	1.98799e-05	3.78017e-06	0.19015
898	1.977e-05	3.73512e-06	0.188929
899	1.96625e-05	3.6922e-06	0.187779
900	1.95578e-05	3.65368e-06	0.186814
901	1.94564e-05	3.62127e-06	0.186122
902	1.93588e-05	3.59586e-06	0.185748
903	1.92649e-05	3.57729e-06	0.18569
904	1.91754e-05	3.56456e-06	0.185892
905	1.90911e-05	3.55586e-06	0.186258
906	1.90121e-05	3.54869e-06	0.186654
907	1.89394e-05	3.54042e-06	0.186934
908	1.88733e-05	3.52839e-06	0.186951
909	1.88142e-05	3.51031e-06	0.186578
910	1.87629e-05	3.48463e-06	0.18572
911	1.87197e-05	3.45057e-06	0.184328
912	1.8685e-05	3.40825e-06	0.182406
913	1.86589e-05	3.35879e-06	0.18001
914	1.86413e-05	3.30424e-06	0.177254
915	1.86316e-05	3.24737e-06	0.174294
916	1.863e-05	3.19177e-06	0.171325
917	1.86354e-05	3.14113e-06	0.168557
918	1.86467e-05	3.09909e-06	0.166201
919	1.86629e-05	3.06895e-06	0.164441
920	1.86827e-05	3.05308e-06	0.163417
921	1.87049e-05	3.05283e-06	0.163211
922	1.87272e-05	3.06822e-06	0.163837
923	1.87482e-05	3.09823e-06	0.165255
924	1.87662e-05	3.14098e-06	0.167375
925	1.87798e-05	3.19409e-06	0.170081
926	1.87874e-05	3.25484e-06	0.173246
927	1.87881e-05	3.32063e-06	0.176741
928	1.87807e-05	3.38889e-06	0.180445
929	1.87647e-05	3.45722e-06	0.184241
930	1.87388e-05	3.52324e-06	0.188019
931	1.87043e-05	3.58511e-06	0.191673
932	1.8661e-05	3.64074e-06	0.195099
933	1.86095e-05	3.68842e-06	0.198201
934	1.85505e-05	3.72668e-06	0.200894
935	1.84851e-05	3.7546e-06	0.203114
936	1.84144e-05	3.77182e-06	0.204829
937	1.83399e-05	3.77878e-06	0.206041
938	1.82628e-05	3.77658e-06	0.20679
939	1.81844e-05	3.76692e-06	0.207151
940	1.81058e-05	3.75182e-06	0.207216
941	1.80285e-05	3.73333e-06	0.20708
942	1.79531e-05	3.71297e-06	0.206815
943	1.78814e-05	3.69174e-06	0.206457
944	1.78139e-05	3.66968e-06	0.206
945	1.77516e-05	3.64634e-06	0.20541
946	1.76949e-05	3.62123e-06	0.204648
947	1.76445e-05	3.59445e-06	0.203715
948	1.76003e-05	3.56741e-06	0.20269
949	1.75626e-05	3.54309e-06	0.201741
950	1.75308e-05	3.52584e-06	0.201122
951	1.75042e-05	3.52032e-06	0.201114
952	1.74814e-05	3.53019e-06	0.201939
953	1.74615e-05	3.55661e-06	0.203683
954	1.74425e-05	3.59724e-06	0.206235
955	1.74217e-05	3.64638e-06	0.209301
956	1.73976e-05	3.69677e-06	0.212488
957	1.73681e-05	3.7414e-06	0.215418
958	1.7332e-05	3.77582e-06	0.217852
959	1.72886e-05	3.7996e-06	0.219775
960	1.7238e-05	3.81693e-06	0.221426
961	1.71814e-05	3.83558e-06	0.223241
962	1.71216e-05	3.86481e-06	0.225727
963	1.70622e-05	3.91198e-06	0.229278
964	1.70082e-05	3.97987e-06	0.233997
965	1.69648e-05	4.06502e-06	0.239615
966	1.69381e-05	4.1588e-06	0.245529
967	1.69324e-05	4.24975e-06	0.250983
968	1.69515e-05	4.32762e-06	0.255294
969	1.69975e-05	4.38651e-06	0.258068
970	1.70702e-05	4.42675e-06	0.259325
971	1.71674e-05	4.45492e-06	0.259499
972	1.72847e-05	4.48176e-06	0.259291
973	1.7417e-05	4.51819e-06	0.259413
974	1.75586e-05	4.5703e-06	0.260289
975	1.77043e-05	4.63562e-06	0.261835
976	1.78503e-05	4.70233e-06	0.263432
977	1.79944e-05	4.75244e-06	0.264107
978	1.81367e-05	4.76803e-06	0.262894
979	1.8281e-05	4.73907e-06	0.259235
980	1.84343e-05	4.66944e-06	0.253301
981	1.86086e-05	4.5784e-06	0.246038
982	1.88208e-05	4.4937e-06	0.238762
983	1.90937e-05	4.4374e-06	0.232401
984	1.94543e-05	4.41435e-06	0.226909
985	1.99326e-05	4.41775e-06	0.221635
986	2.05605e-05	4.45449e-06	0.216653
987	2.13727e-05	4.57196e-06	0.213916
988	2.24096e-05	4.85374e-06	0.216591
989	2.37235e-05	5.36478e-06	0.226138
990	2.53856e-05	6.08592e-06	0.239739
991	2.74926e-05	6.90812e-06	0.251272
992	3.01679e-05	7.69098e-06	0.254939
993	3.35582e-05	8.34555e-06	0.248689
994	3.7832e-05	8.9121e-06	0.23557
995	4.32122e-05	9.57863e-06	0.221665
996	5.01281e-05	1.05879e-05	0.211217
997	5.96625e-05	1.21338e-05	0.203373
998	7.46042e-05	1.43725e-05	0.192649
999	0.000101877	1.80269e-05	0.176947
1000	0.000160884	2.82054e-05	0.175315

number of sites in simulation: 200000000
compact interval: 30
average number of mutations in simulation: 313883
average number of mutations in SFS: 55859.8
time elapsed (ms): 98.966
