SFS :
allele count	avg# mutations	standard dev	coeff of variation (aka relative standard deviation)
1	0.391011	0.00047639	0.00121835
2	0.134589	0.000159877	0.00118789
3	0.0682709	0.000103953	0.00152265
4	0.0414971	8.52618e-05	0.00205465
5	0.0280343	7.70602e-05	0.00274878
6	0.0203113	6.93457e-05	0.00341414
7	0.0154729	6.07323e-05	0.00392507
8	0.0122438	5.21178e-05	0.00425668
9	0.00998298	4.4347e-05	0.00444226
10	0.00833932	3.77886e-05	0.00453137
11	0.00710717	3.24374e-05	0.00456404
12	0.00615972	2.8097e-05	0.0045614
13	0.00541546	2.45259e-05	0.00452887
14	0.00482004	2.15229e-05	0.0044653
15	0.0043362	1.89665e-05	0.004374
16	0.00393756	1.68352e-05	0.00427553
17	0.0036051	1.51912e-05	0.0042138
18	0.00332483	1.41175e-05	0.00424608
19	0.00308624	1.36234e-05	0.00441424
20	0.00288134	1.35952e-05	0.00471836
21	0.00270393	1.38271e-05	0.00511369
22	0.00254918	1.41045e-05	0.00553296
23	0.00241329	1.4267e-05	0.00591186
24	0.00229321	1.42318e-05	0.00620605
25	0.00218646	1.39906e-05	0.00639876
26	0.00209106	1.35936e-05	0.00650079
27	0.0020054	1.31216e-05	0.00654312
28	0.00192813	1.26575e-05	0.00656463
29	0.00185813	1.22585e-05	0.00659724
30	0.00179446	1.1943e-05	0.00665551
31	0.0017363	1.16925e-05	0.00673415
32	0.00168301	1.14686e-05	0.00681434
33	0.00163401	1.12329e-05	0.00687442
34	0.0015888	1.09615e-05	0.00689923
35	0.00154694	1.06503e-05	0.00688477
36	0.00150805	1.03147e-05	0.00683977
37	0.00147189	9.98302e-06	0.00678246
38	0.00143813	9.68767e-06	0.00673628
39	0.00140657	9.45745e-06	0.00672378
40	0.00137696	9.30945e-06	0.00676089
41	0.00134915	9.24751e-06	0.00685431
42	0.00132297	9.26168e-06	0.00700067
43	0.00129829	9.33431e-06	0.00718971
44	0.00127497	9.44488e-06	0.00740793
45	0.0012529	9.57434e-06	0.00764173
46	0.00123198	9.70762e-06	0.00787971
47	0.0012121	9.83374e-06	0.00811298
48	0.00119316	9.94441e-06	0.00833454
49	0.00117511	1.00341e-05	0.00853886
50	0.0011579	1.00989e-05	0.0087218
51	0.00114142	1.01359e-05	0.00888008
52	0.00112562	1.01444e-05	0.00901224
53	0.00111047	1.01256e-05	0.0091183
54	0.0010959	1.00826e-05	0.00920034
55	0.00108187	1.00201e-05	0.00926187
56	0.00106835	9.94365e-06	0.00930749
57	0.0010553	9.85795e-06	0.00934136
58	0.00104269	9.76702e-06	0.0093671
59	0.00103049	9.67285e-06	0.00938665
60	0.00101868	9.57655e-06	0.0094009
61	0.00100722	9.47755e-06	0.00940963
62	0.000996091	9.37544e-06	0.00941223
63	0.00098527	9.26996e-06	0.00940855
64	0.000974745	9.16148e-06	0.00939886
65	0.000964501	9.05126e-06	0.00938439
66	0.000954533	8.94114e-06	0.00936703
67	0.000944813	8.83267e-06	0.00934859
68	0.000935339	8.72788e-06	0.00933125
69	0.000926098	8.62772e-06	0.00931621
70	0.000917085	8.53301e-06	0.00930449
71	0.000908288	8.44361e-06	0.00929618
72	0.000899728	8.35923e-06	0.00929084
73	0.000891333	8.27822e-06	0.00928746
74	0.000883136	8.19953e-06	0.00928456
75	0.00087513	8.1217e-06	0.00928057
76	0.000867313	8.04309e-06	0.00927358
77	0.000859662	7.96187e-06	0.00926163
78	0.000852183	7.8766e-06	0.00924285
79	0.000844859	7.78604e-06	0.00921579
80	0.000837679	7.68925e-06	0.00917923
81	0.000830633	7.58595e-06	0.00913273
82	0.000823741	7.47666e-06	0.00907647
83	0.000816975	7.36194e-06	0.00901122
84	0.000810335	7.24315e-06	0.00893846
85	0.000803801	7.12153e-06	0.00885982
86	0.000797378	6.99893e-06	0.00877743
87	0.000791075	6.87679e-06	0.00869296
88	0.000784857	6.75608e-06	0.00860805
89	0.000778738	6.63739e-06	0.00852326
90	0.000772711	6.52108e-06	0.00843922
91	0.000766774	6.40702e-06	0.00835582
92	0.000760924	6.29454e-06	0.00827223
93	0.000755163	6.18318e-06	0.00818788
94	0.000749471	6.07208e-06	0.00810182
95	0.000743856	5.96113e-06	0.00801383
96	0.000738323	5.85029e-06	0.00792375
97	0.000732862	5.74012e-06	0.00783247
98	0.000727481	5.63184e-06	0.00774157
99	0.000722173	5.52697e-06	0.00765326
100	0.000716928	5.42791e-06	0.00757107
101	0.000711762	5.33702e-06	0.00749833
102	0.000706668	5.25661e-06	0.00743858
103	0.000701644	5.18867e-06	0.00739502
104	0.000696684	5.13445e-06	0.00736984
105	0.000691767	5.09378e-06	0.00736343
106	0.000686913	5.06583e-06	0.00737478
107	0.000682122	5.04815e-06	0.00740066
108	0.000677417	5.0377e-06	0.00743663
109	0.000672739	5.02998e-06	0.00747687
110	0.000668112	5.0211e-06	0.00751536
111	0.000663542	5.00739e-06	0.00754645
112	0.000659016	4.9858e-06	0.00756552
113	0.000654541	4.95459e-06	0.00756956
114	0.000650107	4.91343e-06	0.00755788
115	0.000645722	4.86342e-06	0.00753176
116	0.000641379	4.80727e-06	0.00749522
117	0.000637087	4.74896e-06	0.00745417
118	0.000632841	4.69328e-06	0.00741621
119	0.000628652	4.64555e-06	0.00738969
120	0.000624496	4.6107e-06	0.00738307
121	0.000620386	4.59303e-06	0.00740351
122	0.000616318	4.59542e-06	0.00745626
123	0.000612306	4.61895e-06	0.00754353
124	0.000608327	4.66265e-06	0.0076647
125	0.00060438	4.72388e-06	0.00781607
126	0.000600481	4.7991e-06	0.00799209
127	0.000596608	4.88343e-06	0.00818533
128	0.000592781	4.9724e-06	0.00838826
129	0.000588979	5.06117e-06	0.00859312
130	0.000585223	5.14614e-06	0.00879347
131	0.000581493	5.2241e-06	0.00898393
132	0.000577811	5.29293e-06	0.00916031
133	0.000574143	5.35134e-06	0.00932056
134	0.00057051	5.39909e-06	0.00946363
135	0.000566915	5.43647e-06	0.00958957
136	0.000563345	5.46437e-06	0.00969987
137	0.000559804	5.48403e-06	0.00979633
138	0.000556298	5.49702e-06	0.00988144
139	0.000552814	5.50462e-06	0.00995744
140	0.000549376	5.50829e-06	0.0100264
141	0.000545956	5.50875e-06	0.0100901
142	0.000542577	5.50678e-06	0.0101493
143	0.000539228	5.50231e-06	0.010204
144	0.000535901	5.49508e-06	0.0102539
145	0.000532602	5.48433e-06	0.0102972
146	0.000529338	5.46921e-06	0.0103322
147	0.000526102	5.44853e-06	0.0103564
148	0.000522884	5.42087e-06	0.0103673
149	0.000519693	5.38542e-06	0.0103627
150	0.000516522	5.34115e-06	0.0103406
151	0.00051338	5.28753e-06	0.0102995
152	0.000510259	5.22457e-06	0.0102391
153	0.00050717	5.1526e-06	0.0101595
154	0.000504106	5.0723e-06	0.010062
155	0.000501062	4.98495e-06	0.00994877
156	0.000498064	4.89245e-06	0.00982293
157	0.000495077	4.79642e-06	0.00968823
158	0.000492111	4.69921e-06	0.00954907
159	0.000489164	4.60321e-06	0.00941035
160	0.000486246	4.511e-06	0.00927719
161	0.000483354	4.42472e-06	0.0091542
162	0.000480486	4.34659e-06	0.00904625
163	0.000477637	4.27823e-06	0.00895707
164	0.000474821	4.22121e-06	0.00889009
165	0.00047202	4.17623e-06	0.00884757
166	0.000469247	4.14395e-06	0.00883107
167	0.000466498	4.12422e-06	0.00884081
168	0.00046373	4.1162e-06	0.00887628
169	0.000461025	4.11983e-06	0.00893622
170	0.000458354	4.13358e-06	0.00901833
171	0.000455699	4.15594e-06	0.00911992
172	0.000453074	4.18529e-06	0.00923754
173	0.000450462	4.21976e-06	0.00936762
174	0.000447876	4.25762e-06	0.00950624
175	0.000445302	4.2968e-06	0.0096492
176	0.000442751	4.33563e-06	0.00979248
177	0.000440223	4.37222e-06	0.00993183
178	0.000437703	4.40482e-06	0.0100635
179	0.000435204	4.43195e-06	0.0101836
180	0.000432727	4.45238e-06	0.0102891
181	0.000430257	4.4648e-06	0.0103771
182	0.000427809	4.4685e-06	0.0104451
183	0.000425369	4.46281e-06	0.0104916
184	0.000422938	4.44749e-06	0.0105157
185	0.00042053	4.42269e-06	0.010517
186	0.000418133	4.38874e-06	0.010496
187	0.000415749	4.34629e-06	0.0104541
188	0.000413379	4.29627e-06	0.010393
189	0.000411024	4.23995e-06	0.0103156
190	0.000408687	4.17875e-06	0.0102248
191	0.000406357	4.11415e-06	0.0101245
192	0.000404047	4.04795e-06	0.0100185
193	0.000401749	3.98186e-06	0.0099113
194	0.000399464	3.91746e-06	0.00980678
195	0.000397195	3.85638e-06	0.00970904
196	0.000394944	3.80001e-06	0.00962166
197	0.000392701	3.74946e-06	0.00954788
198	0.000390481	3.7056e-06	0.00948983
199	0.000388274	3.66893e-06	0.00944932
200	0.000386084	3.63962e-06	0.00942703
201	0.000383912	3.61767e-06	0.00942319
202	0.00038175	3.60258e-06	0.009437
203	0.000379601	3.59376e-06	0.00946719
204	0.00037748	3.59067e-06	0.00951221
205	0.000375365	3.59231e-06	0.00957018
206	0.000373261	3.59788e-06	0.00963906
207	0.00037117	3.6065e-06	0.00971657
208	0.000369097	3.61751e-06	0.00980099
209	0.000367043	3.63019e-06	0.00989038
210	0.000365001	3.64384e-06	0.00998308
211	0.000362975	3.658e-06	0.0100778
212	0.000360957	3.67206e-06	0.0101731
213	0.000358951	3.68567e-06	0.0102679
214	0.000356971	3.6986e-06	0.0103611
215	0.00035501	3.71045e-06	0.0104517
216	0.00035306	3.72085e-06	0.0105389
217	0.000351114	3.72942e-06	0.0106217
218	0.000349188	3.736e-06	0.0106991
219	0.000347274	3.74036e-06	0.0107706
220	0.000345386	3.74231e-06	0.0108352
221	0.000343496	3.74144e-06	0.0108922
222	0.000341619	3.73771e-06	0.0109412
223	0.000339768	3.73123e-06	0.0109817
224	0.000337917	3.72165e-06	0.0110135
225	0.00033608	3.70921e-06	0.0110367
226	0.00033427	3.69428e-06	0.0110518
227	0.00033246	3.67676e-06	0.0110592
228	0.000330706	3.65759e-06	0.01106
229	0.000328919	3.63627e-06	0.0110552
230	0.000327135	3.6137e-06	0.0110465
231	0.000325367	3.59059e-06	0.0110355
232	0.00032361	3.56746e-06	0.011024
233	0.000321857	3.5449e-06	0.0110139
234	0.000320123	3.52363e-06	0.0110071
235	0.000318402	3.50417e-06	0.0110055
236	0.000316688	3.48698e-06	0.0110108
237	0.000314977	3.4723e-06	0.011024
238	0.000313282	3.46063e-06	0.0110464
239	0.000311579	3.45177e-06	0.0110783
240	0.000309902	3.44604e-06	0.0111198
241	0.000308226	3.44299e-06	0.0111704
242	0.000306565	3.44236e-06	0.0112288
243	0.000304897	3.44348e-06	0.0112939
244	0.000303254	3.44599e-06	0.0113634
245	0.000301613	3.44907e-06	0.0114354
246	0.00029997	3.45183e-06	0.0115073
247	0.00029834	3.45369e-06	0.0115764
248	0.000296717	3.45382e-06	0.0116401
249	0.000295116	3.45167e-06	0.011696
250	0.000293515	3.44638e-06	0.0117417
251	0.000291928	3.43754e-06	0.0117753
252	0.000290351	3.4247e-06	0.011795
253	0.00028878	3.40756e-06	0.0117998
254	0.00028723	3.38614e-06	0.0117889
255	0.000285695	3.36041e-06	0.0117622
256	0.000284155	3.3304e-06	0.0117203
257	0.000282642	3.29677e-06	0.0116641
258	0.000281133	3.25978e-06	0.0115952
259	0.000279643	3.22025e-06	0.0115156
260	0.00027815	3.17871e-06	0.0114281
261	0.000276668	3.13614e-06	0.0113354
262	0.000275211	3.09363e-06	0.0112409
263	0.000273757	3.05182e-06	0.0111479
264	0.00027232	3.01178e-06	0.0110597
265	0.000270897	2.97427e-06	0.0109793
266	0.000269482	2.94e-06	0.0109098
267	0.000268074	2.90947e-06	0.0108532
268	0.000266668	2.88299e-06	0.0108111
269	0.000265278	2.86091e-06	0.0107846
270	0.000263899	2.84315e-06	0.0107736
271	0.000262528	2.82938e-06	0.0107775
272	0.000261162	2.81912e-06	0.0107945
273	0.000259797	2.81177e-06	0.010823
274	0.000258447	2.80672e-06	0.01086
275	0.000257107	2.8032e-06	0.0109029
276	0.000255743	2.80002e-06	0.0109486
277	0.000254415	2.79707e-06	0.0109941
278	0.000253089	2.79329e-06	0.0110368
279	0.000251776	2.78822e-06	0.0110742
280	0.000250475	2.78141e-06	0.0111045
281	0.000249166	2.7723e-06	0.0111263
282	0.000247862	2.76092e-06	0.0111389
283	0.000246577	2.7474e-06	0.0111422
284	0.000245291	2.73167e-06	0.0111364
285	0.000244018	2.71424e-06	0.0111231
286	0.000242741	2.69528e-06	0.0111035
287	0.000241471	2.67547e-06	0.0110799
288	0.000240222	2.65555e-06	0.0110546
289	0.000238975	2.63594e-06	0.0110302
290	0.00023773	2.61728e-06	0.0110095
291	0.000236498	2.60035e-06	0.0109952
292	0.000235264	2.58549e-06	0.0109898
293	0.000234039	2.57334e-06	0.0109954
294	0.000232821	2.56425e-06	0.0110138
295	0.000231623	2.5586e-06	0.0110464
296	0.000230428	2.5563e-06	0.0110937
297	0.000229236	2.5573e-06	0.0111558
298	0.000228057	2.56153e-06	0.011232
299	0.00022689	2.56867e-06	0.0113212
300	0.000225733	2.57831e-06	0.011422
301	0.000224584	2.58983e-06	0.0115317
302	0.000223441	2.60272e-06	0.0116484
303	0.000222316	2.61646e-06	0.0117691
304	0.000221193	2.63026e-06	0.0118912
305	0.000220084	2.64357e-06	0.0120116
306	0.000218988	2.65581e-06	0.0121277
307	0.000217901	2.66637e-06	0.0122366
308	0.000216821	2.6747e-06	0.012336
309	0.000215748	2.68032e-06	0.0124234
310	0.000214692	2.683e-06	0.012497
311	0.000213637	2.68226e-06	0.0125552
312	0.000212582	2.67786e-06	0.0125968
313	0.00021155	2.66996e-06	0.0126209
314	0.000210527	2.65836e-06	0.0126271
315	0.000209511	2.64307e-06	0.0126154
316	0.000208499	2.62421e-06	0.0125862
317	0.000207489	2.602e-06	0.0125404
318	0.000206492	2.57683e-06	0.012479
319	0.000205494	2.54891e-06	0.0124038
320	0.000204505	2.51881e-06	0.0123166
321	0.000203523	2.487e-06	0.0122197
322	0.000202547	2.45394e-06	0.0121154
323	0.000201574	2.42014e-06	0.0120062
324	0.000200578	2.38586e-06	0.0118949
325	0.000199608	2.3522e-06	0.0117841
326	0.000198648	2.31943e-06	0.0116761
327	0.000197685	2.28797e-06	0.0115738
328	0.00019673	2.25829e-06	0.0114791
329	0.000195782	2.2307e-06	0.0113938
330	0.000194838	2.20549e-06	0.0113196
331	0.000193898	2.18286e-06	0.0112578
332	0.00019296	2.16293e-06	0.0112092
333	0.000192023	2.14571e-06	0.0111742
334	0.000191097	2.13133e-06	0.0111531
335	0.00019017	2.11962e-06	0.0111459
336	0.000189241	2.1104e-06	0.0111519
337	0.000188319	2.10371e-06	0.0111709
338	0.000187405	2.09937e-06	0.0112023
339	0.000186496	2.09715e-06	0.011245
340	0.000185591	2.09692e-06	0.0112986
341	0.00018469	2.09853e-06	0.0113624
342	0.000183792	2.10171e-06	0.0114353
343	0.000182906	2.10648e-06	0.0115167
344	0.000182021	2.11252e-06	0.0116059
345	0.000181146	2.1198e-06	0.0117022
346	0.00018027	2.12799e-06	0.0118045
347	0.000179402	2.13701e-06	0.0119119
348	0.000178552	2.14686e-06	0.0120237
349	0.000177697	2.15696e-06	0.0121384
350	0.000176848	2.16725e-06	0.0122549
351	0.000176003	2.17746e-06	0.0123717
352	0.000175161	2.18734e-06	0.0124876
353	0.000174321	2.19656e-06	0.0126007
354	0.000173493	2.20504e-06	0.0127097
355	0.000172665	2.21231e-06	0.0128127
356	0.000171847	2.21822e-06	0.0129081
357	0.000171027	2.22246e-06	0.0129948
358	0.000170214	2.22484e-06	0.0130708
359	0.000169409	2.22521e-06	0.0131352
360	0.000168588	2.22316e-06	0.013187
361	0.000167792	2.21906e-06	0.0132251
362	0.000166999	2.21257e-06	0.013249
363	0.00016621	2.20369e-06	0.0132585
364	0.000165422	2.19241e-06	0.0132534
365	0.000164644	2.1789e-06	0.013234
366	0.000163867	2.16316e-06	0.0132008
367	0.000163098	2.14546e-06	0.0131544
368	0.000162327	2.1258e-06	0.0130958
369	0.000161563	2.10455e-06	0.0130262
370	0.000160805	2.0819e-06	0.0129468
371	0.000160052	2.05812e-06	0.0128591
372	0.000159303	2.03347e-06	0.0127648
373	0.000158558	2.00821e-06	0.0126655
374	0.000157814	1.9826e-06	0.0125629
375	0.000157073	1.95691e-06	0.0124586
376	0.000156333	1.9314e-06	0.0123544
377	0.000155592	1.90635e-06	0.0122522
378	0.000154861	1.8821e-06	0.0121535
379	0.000154128	1.85876e-06	0.0120599
380	0.000153402	1.83665e-06	0.0119728
381	0.000152674	1.81587e-06	0.0118938
382	0.000151951	1.79672e-06	0.0118243
383	0.000151224	1.7792e-06	0.0117653
384	0.000150484	1.76337e-06	0.011718
385	0.000149765	1.74978e-06	0.0116835
386	0.00014905	1.73831e-06	0.0116626
387	0.000148337	1.72903e-06	0.011656
388	0.000147627	1.722e-06	0.0116646
389	0.000146918	1.71724e-06	0.0116884
390	0.00014621	1.71472e-06	0.0117278
391	0.000145511	1.71459e-06	0.0117832
392	0.000144812	1.71666e-06	0.0118544
393	0.000144112	1.72086e-06	0.0119411
394	0.00014342	1.7272e-06	0.0120429
395	0.000142727	1.7355e-06	0.0121596
396	0.00014205	1.74582e-06	0.0122902
397	0.000141362	1.75768e-06	0.0124339
398	0.000140679	1.7711e-06	0.0125896
399	0.000140003	1.78594e-06	0.0127565
400	0.000139332	1.80203e-06	0.0129334
401	0.000138666	1.81911e-06	0.0131187
402	0.000137996	1.83693e-06	0.0133115
403	0.00013733	1.85537e-06	0.0135103
404	0.000136668	1.87422e-06	0.0137136
405	0.000136011	1.89332e-06	0.0139204
406	0.000135364	1.91254e-06	0.0141289
407	0.000134721	1.93163e-06	0.014338
408	0.000134089	1.95049e-06	0.0145463
409	0.00013345	1.96871e-06	0.0147524
410	0.000132822	1.98636e-06	0.0149551
411	0.000132195	2.00316e-06	0.0151531
412	0.000131569	2.01893e-06	0.015345
413	0.000130952	2.03365e-06	0.0155297
414	0.000130343	2.0472e-06	0.0157062
415	0.000129735	2.05928e-06	0.015873
416	0.000129133	2.06989e-06	0.0160291
417	0.000128531	2.07879e-06	0.0161735
418	0.000127935	2.08599e-06	0.0163051
419	0.000127345	2.09139e-06	0.016423
420	0.00012676	2.09491e-06	0.0165266
421	0.000126181	2.09647e-06	0.0166148
422	0.000125598	2.09592e-06	0.0166875
423	0.000125019	2.09334e-06	0.0167442
424	0.000124444	2.08874e-06	0.0167846
425	0.000123872	2.0821e-06	0.0168085
426	0.00012331	2.07361e-06	0.0168162
427	0.000122751	2.06318e-06	0.0168079
428	0.000122193	2.0509e-06	0.0167841
429	0.000121637	2.03686e-06	0.0167454
430	0.000121082	2.02118e-06	0.0166927
431	0.000120535	2.00411e-06	0.0166268
432	0.000119989	1.98568e-06	0.0165489
433	0.000119442	1.96605e-06	0.0164602
434	0.000118904	1.94554e-06	0.0163624
435	0.000118364	1.92419e-06	0.0162565
436	0.000117825	1.90221e-06	0.0161444
437	0.000117292	1.87992e-06	0.0160278
438	0.000116758	1.8574e-06	0.0159082
439	0.00011623	1.83497e-06	0.0157875
440	0.000115708	1.81286e-06	0.0156676
441	0.000115184	1.79112e-06	0.01555
442	0.000114667	1.77006e-06	0.0154366
443	0.000114154	1.74989e-06	0.0153291
444	0.000113634	1.73052e-06	0.015229
445	0.000113125	1.71244e-06	0.0151376
446	0.000112621	1.69567e-06	0.0150564
447	0.000112122	1.68027e-06	0.0149861
448	0.000111621	1.66622e-06	0.0149275
449	0.000111124	1.65365e-06	0.0148811
450	0.000110632	1.64259e-06	0.0148473
451	0.000110144	1.63295e-06	0.0148256
452	0.00010966	1.62472e-06	0.0148159
453	0.00010918	1.61777e-06	0.0148175
454	0.000108703	1.61202e-06	0.0148296
455	0.00010823	1.60732e-06	0.014851
456	0.000107773	1.60375e-06	0.0148809
457	0.000107306	1.60077e-06	0.0149179
458	0.000106841	1.59841e-06	0.0149607
459	0.000106379	1.59658e-06	0.0150085
460	0.000105925	1.59522e-06	0.0150599
461	0.000105473	1.59415e-06	0.0151143
462	0.000105023	1.59327e-06	0.0151707
463	0.000104575	1.59251e-06	0.0152284
464	0.000104127	1.59184e-06	0.0152874
465	0.000103687	1.59132e-06	0.0153474
466	0.000103247	1.5909e-06	0.0154086
467	0.000102808	1.59055e-06	0.0154711
468	0.000102381	1.59053e-06	0.0155354
469	0.000101949	1.5906e-06	0.0156019
470	0.000101516	1.59089e-06	0.0156713
471	0.000101089	1.59158e-06	0.0157444
472	0.000100661	1.59262e-06	0.0158216
473	0.000100233	1.59406e-06	0.0159036
474	9.98095e-05	1.59604e-06	0.0159908
475	9.93855e-05	1.59845e-06	0.0160834
476	9.89603e-05	1.60132e-06	0.0161814
477	9.854e-05	1.60468e-06	0.0162846
478	9.81185e-05	1.60842e-06	0.0163927
479	9.77016e-05	1.61249e-06	0.0165042
480	9.72832e-05	1.61672e-06	0.0166187
481	9.68692e-05	1.62104e-06	0.0167343
482	9.64538e-05	1.6252e-06	0.0168496
483	9.60426e-05	1.62909e-06	0.0169622
484	9.56299e-05	1.63247e-06	0.0170707
485	9.52214e-05	1.63519e-06	0.0171725
486	9.48112e-05	1.63697e-06	0.0172655
487	9.44052e-05	1.63774e-06	0.017348
488	9.39975e-05	1.63721e-06	0.0174176
489	9.3594e-05	1.63536e-06	0.0174729
490	9.31946e-05	1.63207e-06	0.0175125
491	9.27936e-05	1.62717e-06	0.0175353
492	9.23967e-05	1.62071e-06	0.0175408
493	9.19982e-05	1.6126e-06	0.0175286
494	9.1604e-05	1.60302e-06	0.0174995
495	9.12083e-05	1.59194e-06	0.0174539
496	9.08168e-05	1.57959e-06	0.0173931
497	9.04296e-05	1.56616e-06	0.0173191
498	9.00411e-05	1.55176e-06	0.0172339
499	8.9657e-05	1.53672e-06	0.01714
500	8.92718e-05	1.52118e-06	0.0170399
501	8.8891e-05	1.50554e-06	0.016937
502	8.85146e-05	1.49004e-06	0.0168339
503	8.81374e-05	1.47488e-06	0.0167338
504	8.77648e-05	1.46036e-06	0.0166395
505	8.73914e-05	1.44666e-06	0.0165538
506	8.70227e-05	1.43401e-06	0.0164786
507	8.66587e-05	1.42261e-06	0.0164163
508	8.62941e-05	1.41247e-06	0.0163681
509	8.59342e-05	1.40375e-06	0.0163351
510	8.55738e-05	1.39639e-06	0.0163179
511	8.52183e-05	1.39047e-06	0.0163166
512	8.48623e-05	1.38585e-06	0.0163306
513	8.4511e-05	1.38254e-06	0.0163593
514	8.41645e-05	1.38047e-06	0.0164021
515	8.38175e-05	1.3794e-06	0.0164572
516	8.34753e-05	1.37931e-06	0.0165236
517	8.31326e-05	1.38e-06	0.0166
518	8.27945e-05	1.38143e-06	0.016685
519	8.24559e-05	1.38339e-06	0.0167773
520	8.21218e-05	1.38589e-06	0.016876
521	8.17872e-05	1.38875e-06	0.01698
522	8.1457e-05	1.39199e-06	0.0170887
523	8.11262e-05	1.39549e-06	0.0172015
524	8.07997e-05	1.39928e-06	0.0173179
525	8.04726e-05	1.40328e-06	0.0174379
526	8.01498e-05	1.40754e-06	0.0175614
527	7.98263e-05	1.41196e-06	0.017688
528	7.95022e-05	1.41656e-06	0.0178178
529	7.91824e-05	1.42139e-06	0.0179508
530	7.8862e-05	1.42637e-06	0.0180869
531	7.85411e-05	1.43144e-06	0.0182254
532	7.82245e-05	1.43667e-06	0.018366
533	7.79075e-05	1.44191e-06	0.018508
534	7.75854e-05	1.44701e-06	0.0186506
535	7.72725e-05	1.45215e-06	0.0187926
536	7.69595e-05	1.45708e-06	0.0189331
537	7.66463e-05	1.46167e-06	0.0190704
538	7.63378e-05	1.46594e-06	0.0192033
539	7.60295e-05	1.46968e-06	0.0193304
540	7.57213e-05	1.4728e-06	0.0194502
541	7.54135e-05	1.47522e-06	0.0195618
542	7.51062e-05	1.47687e-06	0.0196637
543	7.4804e-05	1.47778e-06	0.0197554
544	7.45024e-05	1.47785e-06	0.0198362
545	7.42017e-05	1.47705e-06	0.0199059
546	7.38928e-05	1.47525e-06	0.0199647
547	7.35941e-05	1.47283e-06	0.0200129
548	7.32965e-05	1.46968e-06	0.0200511
549	7.30002e-05	1.46591e-06	0.0200809
550	7.27052e-05	1.46163e-06	0.0201035
551	7.24118e-05	1.45695e-06	0.0201203
552	7.212e-05	1.45199e-06	0.020133
553	7.183e-05	1.4469e-06	0.0201434
554	7.15418e-05	1.44179e-06	0.0201531
555	7.12512e-05	1.43668e-06	0.0201636
556	7.09627e-05	1.43176e-06	0.0201762
557	7.06765e-05	1.4271e-06	0.0201919
558	7.03969e-05	1.42282e-06	0.0202114
559	7.01112e-05	1.4187e-06	0.020235
560	6.9828e-05	1.41491e-06	0.0202628
561	6.95477e-05	1.41141e-06	0.0202941
562	6.92659e-05	1.40809e-06	0.0203288
563	6.89872e-05	1.40499e-06	0.020366
564	6.87116e-05	1.40204e-06	0.0204047
565	6.8435e-05	1.39913e-06	0.0204446
566	6.81619e-05	1.39627e-06	0.0204846
567	6.78881e-05	1.39339e-06	0.0205248
568	6.76139e-05	1.39046e-06	0.0205647
569	6.73435e-05	1.38761e-06	0.0206049
570	6.7073e-05	1.3848e-06	0.0206462
571	6.68025e-05	1.38213e-06	0.0206898
572	6.65363e-05	1.37977e-06	0.0207372
573	6.62704e-05	1.37781e-06	0.0207907
574	6.6005e-05	1.37637e-06	0.0208526
575	6.57402e-05	1.37565e-06	0.0209255
576	6.54761e-05	1.37578e-06	0.0210119
577	6.5217e-05	1.377e-06	0.0211142
578	6.49588e-05	1.3794e-06	0.021235
579	6.47018e-05	1.38305e-06	0.0213757
580	6.44461e-05	1.38803e-06	0.0215379
581	6.41879e-05	1.39431e-06	0.0217223
582	6.39312e-05	1.40191e-06	0.0219284
583	6.36761e-05	1.41079e-06	0.0221557
584	6.34228e-05	1.4208e-06	0.022402
585	6.31714e-05	1.4318e-06	0.0226654
586	6.29181e-05	1.44348e-06	0.0229422
587	6.26669e-05	1.45569e-06	0.023229
588	6.2414e-05	1.46805e-06	0.0235212
589	6.21635e-05	1.48042e-06	0.0238149
590	6.19155e-05	1.49246e-06	0.0241048
591	6.16662e-05	1.50381e-06	0.0243863
592	6.14159e-05	1.51422e-06	0.0246552
593	6.11684e-05	1.52349e-06	0.0249065
594	6.09164e-05	1.53121e-06	0.0251363
595	6.06676e-05	1.53738e-06	0.025341
596	6.04185e-05	1.54172e-06	0.0255174
597	6.01728e-05	1.54422e-06	0.025663
598	5.99272e-05	1.54466e-06	0.0257756
599	5.96817e-05	1.54302e-06	0.0258542
600	5.94367e-05	1.53928e-06	0.0258978
601	5.91889e-05	1.5334e-06	0.0259069
602	5.89419e-05	1.52552e-06	0.0258817
603	5.86962e-05	1.51577e-06	0.0258239
604	5.8452e-05	1.50429e-06	0.0257355
605	5.82095e-05	1.49124e-06	0.0256185
606	5.7962e-05	1.47665e-06	0.0254762
607	5.77204e-05	1.461e-06	0.0253117
608	5.74778e-05	1.44434e-06	0.0251286
609	5.72382e-05	1.42699e-06	0.0249308
610	5.69983e-05	1.40911e-06	0.0247221
611	5.67583e-05	1.39092e-06	0.024506
612	5.65222e-05	1.37272e-06	0.0242865
613	5.62866e-05	1.35463e-06	0.0240667
614	5.60518e-05	1.33684e-06	0.02385
615	5.58182e-05	1.31948e-06	0.0236389
616	5.5586e-05	1.3027e-06	0.0234357
617	5.53555e-05	1.28658e-06	0.0232422
618	5.51335e-05	1.27137e-06	0.0230598
619	5.49069e-05	1.2568e-06	0.0228896
620	5.46793e-05	1.24297e-06	0.0227319
621	5.44543e-05	1.22997e-06	0.0225871
622	5.42288e-05	1.21771e-06	0.022455
623	5.40062e-05	1.20628e-06	0.0223359
624	5.37836e-05	1.19554e-06	0.0222287
625	5.35643e-05	1.18555e-06	0.0221333
626	5.33453e-05	1.17622e-06	0.0220492
627	5.31268e-05	1.1675e-06	0.0219756
628	5.29091e-05	1.15936e-06	0.0219123
629	5.26924e-05	1.15176e-06	0.0218582
630	5.24768e-05	1.14467e-06	0.0218128
631	5.22627e-05	1.13804e-06	0.0217755
632	5.20501e-05	1.13184e-06	0.0217452
633	5.18395e-05	1.126e-06	0.0217209
634	5.1631e-05	1.12049e-06	0.0217018
635	5.14218e-05	1.11517e-06	0.0216868
636	5.12152e-05	1.11007e-06	0.0216747
637	5.10084e-05	1.10506e-06	0.0216643
638	5.08048e-05	1.10016e-06	0.0216547
639	5.06017e-05	1.09529e-06	0.0216454
640	5.03992e-05	1.09042e-06	0.0216356
641	5.01978e-05	1.08553e-06	0.0216251
642	5.00039e-05	1.08079e-06	0.0216142
643	4.98055e-05	1.07598e-06	0.0216036
644	4.9609e-05	1.07128e-06	0.0215945
645	4.94149e-05	1.06681e-06	0.0215888
646	4.92203e-05	1.06258e-06	0.0215882
647	4.90285e-05	1.0588e-06	0.0215955
648	4.8837e-05	1.05553e-06	0.0216132
649	4.86489e-05	1.05298e-06	0.0216446
650	4.84615e-05	1.05123e-06	0.021692
651	4.82752e-05	1.0504e-06	0.0217585
652	4.80902e-05	1.05058e-06	0.0218461
653	4.79069e-05	1.05187e-06	0.0219565
654	4.77224e-05	1.05424e-06	0.022091
655	4.75429e-05	1.05783e-06	0.02225
656	4.73657e-05	1.06256e-06	0.022433
657	4.71883e-05	1.06829e-06	0.0226388
658	4.70135e-05	1.07498e-06	0.0228654
659	4.6839e-05	1.08247e-06	0.0231106
660	4.66676e-05	1.09068e-06	0.0233712
661	4.64969e-05	1.09937e-06	0.0236439
662	4.6327e-05	1.10838e-06	0.0239252
663	4.61582e-05	1.11755e-06	0.0242114
664	4.59907e-05	1.12673e-06	0.0244991
665	4.58248e-05	1.13576e-06	0.0247848
666	4.56607e-05	1.14452e-06	0.0250659
667	4.54958e-05	1.15285e-06	0.0253397
668	4.53306e-05	1.16065e-06	0.0256041
669	4.5168e-05	1.16794e-06	0.0258578
670	4.50055e-05	1.17462e-06	0.0260995
671	4.48434e-05	1.18068e-06	0.0263289
672	4.46821e-05	1.18613e-06	0.026546
673	4.45219e-05	1.19102e-06	0.0267514
674	4.4363e-05	1.1954e-06	0.0269458
675	4.42058e-05	1.19933e-06	0.0271306
676	4.4048e-05	1.20283e-06	0.0273072
677	4.38924e-05	1.20605e-06	0.0274774
678	4.37423e-05	1.20916e-06	0.0276429
679	4.35871e-05	1.21197e-06	0.0278057
680	4.34326e-05	1.2147e-06	0.0279674
681	4.32792e-05	1.21744e-06	0.0281299
682	4.31272e-05	1.22027e-06	0.0282947
683	4.29769e-05	1.22326e-06	0.0284632
684	4.28261e-05	1.22641e-06	0.0286369
685	4.26776e-05	1.22981e-06	0.0288164
686	4.25293e-05	1.23346e-06	0.0290026
687	4.23814e-05	1.23736e-06	0.0291959
688	4.22343e-05	1.24155e-06	0.0293966
689	4.20883e-05	1.246e-06	0.0296044
690	4.19463e-05	1.2508e-06	0.0298191
691	4.18033e-05	1.25575e-06	0.0300395
692	4.16598e-05	1.26083e-06	0.030265
693	4.15185e-05	1.26606e-06	0.0304939
694	4.13771e-05	1.2713e-06	0.0307246
695	4.1236e-05	1.27646e-06	0.030955
696	4.10953e-05	1.28146e-06	0.0311825
697	4.09554e-05	1.28619e-06	0.0314047
698	4.08164e-05	1.29056e-06	0.0316185
699	4.06762e-05	1.29435e-06	0.0318208
700	4.05373e-05	1.29754e-06	0.0320085
701	4.03977e-05	1.29993e-06	0.0321784
702	4.02574e-05	1.30142e-06	0.0323274
703	4.01168e-05	1.30188e-06	0.0324523
704	3.99761e-05	1.30125e-06	0.0325507
705	3.98355e-05	1.29944e-06	0.0326202
706	3.96929e-05	1.29633e-06	0.0326589
707	3.95485e-05	1.29187e-06	0.0326654
708	3.94051e-05	1.28615e-06	0.0326391
709	3.92605e-05	1.2791e-06	0.0325799
710	3.91151e-05	1.27078e-06	0.0324881
711	3.89668e-05	1.26118e-06	0.0323654
712	3.88184e-05	1.25047e-06	0.0322134
713	3.86679e-05	1.23872e-06	0.0320348
714	3.85157e-05	1.22606e-06	0.0318328
715	3.83646e-05	1.21276e-06	0.0316114
716	3.82127e-05	1.19891e-06	0.0313748
717	3.80582e-05	1.18468e-06	0.031128
718	3.79039e-05	1.17033e-06	0.0308763
719	3.77481e-05	1.15605e-06	0.0306253
720	3.75935e-05	1.14214e-06	0.0303812
721	3.74385e-05	1.12877e-06	0.03015
722	3.72814e-05	1.11613e-06	0.0299379
723	3.7125e-05	1.10452e-06	0.0297513
724	3.69699e-05	1.09417e-06	0.0295964
725	3.68144e-05	1.08525e-06	0.029479
726	3.66638e-05	1.07807e-06	0.0294043
727	3.65095e-05	1.07255e-06	0.0293774
728	3.63566e-05	1.06896e-06	0.029402
729	3.62059e-05	1.06738e-06	0.0294808
730	3.60555e-05	1.06782e-06	0.0296159
731	3.59062e-05	1.07027e-06	0.0298073
732	3.57584e-05	1.07468e-06	0.030054
733	3.56127e-05	1.08095e-06	0.030353
734	3.54695e-05	1.08893e-06	0.0307003
735	3.53273e-05	1.09833e-06	0.03109
736	3.51864e-05	1.10892e-06	0.0315155
737	3.50474e-05	1.1204e-06	0.0319682
738	3.49107e-05	1.13248e-06	0.0324392
739	3.47767e-05	1.14482e-06	0.0329191
740	3.46436e-05	1.15701e-06	0.0333975
741	3.45139e-05	1.16878e-06	0.0338641
742	3.4386e-05	1.17975e-06	0.0343089
743	3.4258e-05	1.1895e-06	0.0347219
744	3.41324e-05	1.19784e-06	0.0350939
745	3.40076e-05	1.20442e-06	0.0354162
746	3.38858e-05	1.20909e-06	0.0356813
747	3.37632e-05	1.21151e-06	0.0358825
748	3.36424e-05	1.21161e-06	0.0360145
749	3.35237e-05	1.20931e-06	0.0360732
750	3.34054e-05	1.20447e-06	0.0360563
751	3.32877e-05	1.19712e-06	0.0359629
752	3.31713e-05	1.18732e-06	0.0357934
753	3.30544e-05	1.17511e-06	0.0355508
754	3.29395e-05	1.16076e-06	0.0352392
755	3.28249e-05	1.14444e-06	0.034865
756	3.27113e-05	1.12646e-06	0.0344363
757	3.25969e-05	1.10709e-06	0.0339629
758	3.24824e-05	1.08675e-06	0.0334566
759	3.23702e-05	1.06595e-06	0.0329301
760	3.22569e-05	1.04506e-06	0.0323979
761	3.21449e-05	1.02463e-06	0.0318753
762	3.20328e-05	1.0051e-06	0.0313772
763	3.19231e-05	9.87038e-07	0.0309192
764	3.18124e-05	9.70782e-07	0.0305158
765	3.17032e-05	9.56802e-07	0.0301799
766	3.15941e-05	9.45358e-07	0.029922
767	3.14856e-05	9.36715e-07	0.0297506
768	3.13781e-05	9.31003e-07	0.0296704
769	3.12722e-05	9.28263e-07	0.0296833
770	3.11665e-05	9.28392e-07	0.0297881
771	3.10614e-05	9.31236e-07	0.0299805
772	3.09575e-05	9.36589e-07	0.0302541
773	3.08532e-05	9.44127e-07	0.0306006
774	3.07453e-05	9.53448e-07	0.0310112
775	3.06418e-05	9.64467e-07	0.0314755
776	3.05375e-05	9.76721e-07	0.0319843
777	3.04347e-05	9.89975e-07	0.0325278
778	3.03321e-05	1.0039e-06	0.0330971
779	3.02282e-05	1.0182e-06	0.0336839
780	3.01255e-05	1.03272e-06	0.0342806
781	3.00225e-05	1.04719e-06	0.0348802
782	2.9918e-05	1.06136e-06	0.0354756
783	2.98143e-05	1.07514e-06	0.0360611
784	2.97103e-05	1.0883e-06	0.0366304
785	2.96065e-05	1.1007e-06	0.0371776
786	2.95017e-05	1.11213e-06	0.0376972
787	2.93966e-05	1.12248e-06	0.0381839
788	2.92918e-05	1.13163e-06	0.0386331
789	2.91882e-05	1.13951e-06	0.0390402
790	2.90845e-05	1.14598e-06	0.0394018
791	2.89806e-05	1.15098e-06	0.0397156
792	2.88773e-05	1.15453e-06	0.0399804
793	2.87745e-05	1.15661e-06	0.0401958
794	2.86728e-05	1.15733e-06	0.0403634
795	2.85723e-05	1.15678e-06	0.0404862
796	2.84727e-05	1.15509e-06	0.0405682
797	2.83739e-05	1.1524e-06	0.0406148
798	2.82757e-05	1.14891e-06	0.0406322
799	2.81798e-05	1.14486e-06	0.040627
800	2.8085e-05	1.14042e-06	0.0406061
801	2.79912e-05	1.13577e-06	0.0405759
802	2.7899e-05	1.13107e-06	0.0405418
803	2.78081e-05	1.12645e-06	0.0405082
804	2.77182e-05	1.12198e-06	0.040478
805	2.76298e-05	1.11769e-06	0.0404525
806	2.75418e-05	1.11355e-06	0.0404312
807	2.74547e-05	1.10951e-06	0.0404123
808	2.73681e-05	1.10548e-06	0.0403928
809	2.72817e-05	1.10133e-06	0.0403689
810	2.71951e-05	1.09696e-06	0.0403366
811	2.71088e-05	1.09225e-06	0.0402913
812	2.70217e-05	1.08708e-06	0.0402299
813	2.69342e-05	1.08138e-06	0.0401492
814	2.6846e-05	1.07512e-06	0.0400477
815	2.6757e-05	1.06826e-06	0.0399246
816	2.66668e-05	1.06083e-06	0.0397811
817	2.65753e-05	1.05289e-06	0.0396189
818	2.64833e-05	1.04454e-06	0.0394416
819	2.63896e-05	1.03587e-06	0.039253
820	2.62945e-05	1.02702e-06	0.0390583
821	2.61985e-05	1.01816e-06	0.0388633
822	2.6101e-05	1.00943e-06	0.0386739
823	2.60028e-05	1.00101e-06	0.0384963
824	2.5904e-05	9.93068e-07	0.0383364
825	2.58041e-05	9.85719e-07	0.0382002
826	2.57038e-05	9.79127e-07	0.0380926
827	2.56036e-05	9.73391e-07	0.0380178
828	2.55027e-05	9.68579e-07	0.0379795
829	2.54022e-05	9.64768e-07	0.0379797
830	2.53016e-05	9.61947e-07	0.0380192
831	2.52019e-05	9.60134e-07	0.0380977
832	2.51026e-05	9.59252e-07	0.0382133
833	2.50046e-05	9.59247e-07	0.0383628
834	2.49099e-05	9.60073e-07	0.0385419
835	2.48139e-05	9.61421e-07	0.0387453
836	2.47193e-05	9.63232e-07	0.0389669
837	2.46262e-05	9.65341e-07	0.0391998
838	2.45341e-05	9.67559e-07	0.0394373
839	2.44439e-05	9.69749e-07	0.0396724
840	2.43551e-05	9.71725e-07	0.0398982
841	2.42679e-05	9.7334e-07	0.0401082
842	2.41822e-05	9.74473e-07	0.0402971
843	2.40984e-05	9.75016e-07	0.0404598
844	2.40158e-05	9.74871e-07	0.0405929
845	2.39345e-05	9.74013e-07	0.0406949
846	2.3854e-05	9.72429e-07	0.0407659
847	2.37757e-05	9.70234e-07	0.0408078
848	2.36985e-05	9.67507e-07	0.0408257
849	2.36223e-05	9.64419e-07	0.0408266
850	2.35474e-05	9.61201e-07	0.0408198
851	2.34732e-05	9.58091e-07	0.0408163
852	2.33999e-05	9.55384e-07	0.0408286
853	2.33268e-05	9.53343e-07	0.040869
854	2.32542e-05	9.52239e-07	0.0409491
855	2.31816e-05	9.52265e-07	0.0410785
856	2.31091e-05	9.53562e-07	0.0412635
857	2.3037e-05	9.56186e-07	0.0415065
858	2.29648e-05	9.60062e-07	0.0418057
859	2.28922e-05	9.65017e-07	0.0421549
860	2.28192e-05	9.7082e-07	0.0425439
861	2.27464e-05	9.77183e-07	0.04296
862	2.26725e-05	9.83725e-07	0.0433885
863	2.25986e-05	9.90155e-07	0.0438148
864	2.25238e-05	9.9612e-07	0.0442252
865	2.24484e-05	1.00137e-06	0.0446078
866	2.23722e-05	1.00572e-06	0.044954
867	2.2295e-05	1.00904e-06	0.0452586
868	2.22172e-05	1.01132e-06	0.0455197
869	2.21386e-05	1.01259e-06	0.0457387
870	2.20585e-05	1.01292e-06	0.0459196
871	2.19781e-05	1.01249e-06	0.0460683
872	2.18965e-05	1.01143e-06	0.0461912
873	2.18144e-05	1.00988e-06	0.0462943
874	2.17311e-05	1.00794e-06	0.0463823
875	2.16471e-05	1.00567e-06	0.0464578
876	2.15617e-05	1.00306e-06	0.0465206
877	2.14756e-05	1.00008e-06	0.0465679
878	2.13882e-05	9.96569e-07	0.0465942
879	2.12996e-05	9.92398e-07	0.0465924
880	2.12104e-05	9.87426e-07	0.0465538
881	2.11202e-05	9.81462e-07	0.0464703
882	2.10292e-05	9.74386e-07	0.0463349
883	2.09371e-05	9.66094e-07	0.0461428
884	2.08448e-05	9.56627e-07	0.0458929
885	2.07521e-05	9.46075e-07	0.0455894
886	2.06595e-05	9.34671e-07	0.0452417
887	2.0567e-05	9.22756e-07	0.0448658
888	2.04752e-05	9.10837e-07	0.0444848
889	2.03842e-05	8.99533e-07	0.0441288
890	2.02948e-05	8.89605e-07	0.0438342
891	2.02069e-05	8.81877e-07	0.0436423
892	2.01216e-05	8.77216e-07	0.0435958
893	2.00388e-05	8.76421e-07	0.0437362
894	1.99582e-05	8.80103e-07	0.0440973
895	1.98817e-05	8.88745e-07	0.0447017
896	1.98087e-05	9.02402e-07	0.0455559
897	1.97392e-05	9.20785e-07	0.0466475
898	1.96726e-05	9.43223e-07	0.0479459
899	1.96094e-05	9.68792e-07	0.0494044
900	1.95495e-05	9.96316e-07	0.0509638
901	1.94926e-05	1.02449e-06	0.052558
902	1.94385e-05	1.05201e-06	0.0541198
903	1.93865e-05	1.0776e-06	0.0555853
904	1.93363e-05	1.1002e-06	0.0568985
905	1.92877e-05	1.11898e-06	0.058015
906	1.92402e-05	1.13334e-06	0.0589049
907	1.91936e-05	1.14306e-06	0.0595541
908	1.91476e-05	1.1482e-06	0.0599657
909	1.91017e-05	1.14913e-06	0.0601582
910	1.90564e-05	1.14653e-06	0.0601652
911	1.90114e-05	1.14128e-06	0.0600313
912	1.89667e-05	1.13436e-06	0.0598079
913	1.89226e-05	1.1268e-06	0.0595481
914	1.8879e-05	1.11954e-06	0.0593007
915	1.88358e-05	1.11328e-06	0.0591043
916	1.87937e-05	1.10851e-06	0.0589828
917	1.87525e-05	1.10532e-06	0.0589426
918	1.87118e-05	1.10349e-06	0.0589727
919	1.8672e-05	1.10252e-06	0.0590467
920	1.86328e-05	1.1017e-06	0.0591272
921	1.85943e-05	1.10026e-06	0.0591716
922	1.85558e-05	1.09735e-06	0.0591377
923	1.85169e-05	1.09231e-06	0.05899
924	1.84773e-05	1.0847e-06	0.0587045
925	1.84368e-05	1.07434e-06	0.0582714
926	1.83947e-05	1.06133e-06	0.0576978
927	1.83509e-05	1.04614e-06	0.0570075
928	1.8305e-05	1.02946e-06	0.0562393
929	1.82565e-05	1.0122e-06	0.0554434
930	1.82046e-05	9.95351e-07	0.0546758
931	1.81503e-05	9.79975e-07	0.0539922
932	1.80931e-05	9.66912e-07	0.0534411
933	1.8033e-05	9.56797e-07	0.053058
934	1.79704e-05	9.49964e-07	0.0528628
935	1.79055e-05	9.46436e-07	0.0528574
936	1.78388e-05	9.45952e-07	0.0530279
937	1.77712e-05	9.48053e-07	0.0533477
938	1.77035e-05	9.52109e-07	0.0537809
939	1.76365e-05	9.57428e-07	0.0542868
940	1.75712e-05	9.63326e-07	0.0548242
941	1.75088e-05	9.69258e-07	0.0553582
942	1.74501e-05	9.74863e-07	0.0558657
943	1.73965e-05	9.80169e-07	0.056343
944	1.73483e-05	9.85572e-07	0.0568109
945	1.7306e-05	9.91897e-07	0.0573151
946	1.72698e-05	1.00024e-06	0.0579182
947	1.72393e-05	1.01168e-06	0.0586845
948	1.72135e-05	1.02691e-06	0.0596574
949	1.71915e-05	1.04589e-06	0.0608379
950	1.71719e-05	1.06764e-06	0.0621737
951	1.7153e-05	1.09026e-06	0.0635611
952	1.7133e-05	1.1113e-06	0.0648628
953	1.71109e-05	1.12819e-06	0.0659343
954	1.70852e-05	1.13872e-06	0.0666498
955	1.70544e-05	1.14135e-06	0.066924
956	1.70184e-05	1.13552e-06	0.0667235
957	1.69772e-05	1.12166e-06	0.0660684
958	1.69317e-05	1.101e-06	0.0650261
959	1.68829e-05	1.07543e-06	0.0636994
960	1.68328e-05	1.04719e-06	0.0622114
961	1.67831e-05	1.01863e-06	0.0606935
962	1.67368e-05	9.92072e-07	0.0592748
963	1.66961e-05	9.69628e-07	0.058075
964	1.6664e-05	9.53138e-07	0.0571974
965	1.66426e-05	9.43974e-07	0.0567202
966	1.66344e-05	9.42927e-07	0.0566854
967	1.66399e-05	9.49962e-07	0.0570893
968	1.66599e-05	9.64293e-07	0.057881
969	1.66945e-05	9.845e-07	0.0589717
970	1.67428e-05	1.00878e-06	0.0602513
971	1.68041e-05	1.03525e-06	0.0616069
972	1.68772e-05	1.06217e-06	0.062935
973	1.69621e-05	1.08807e-06	0.064147
974	1.70592e-05	1.11174e-06	0.0651695
975	1.71701e-05	1.1323e-06	0.0659459
976	1.72974e-05	1.14931e-06	0.0664437
977	1.74447e-05	1.16306e-06	0.0666713
978	1.76155e-05	1.17499e-06	0.066702
979	1.78148e-05	1.18818e-06	0.0666964
980	1.8047e-05	1.20732e-06	0.0668988
981	1.83174e-05	1.23787e-06	0.0675791
982	1.86329e-05	1.28406e-06	0.0689137
983	1.90027e-05	1.34677e-06	0.0708723
984	1.94399e-05	1.42332e-06	0.0732164
985	1.99628e-05	1.51026e-06	0.0756537
986	2.05959e-05	1.60745e-06	0.0780471
987	2.13727e-05	1.72024e-06	0.0804878
988	2.23364e-05	1.85628e-06	0.0831057
989	2.35425e-05	2.01807e-06	0.0857199
990	2.50609e-05	2.19705e-06	0.0876684
991	2.69793e-05	2.37585e-06	0.088062
992	2.94098e-05	2.53901e-06	0.0863319
993	3.25036e-05	2.6892e-06	0.0827355
994	3.64829e-05	2.86558e-06	0.0785459
995	4.1704e-05	3.14911e-06	0.075511
996	4.87856e-05	3.61943e-06	0.0741906
997	5.88852e-05	4.29227e-06	0.0728922
998	7.4381e-05	5.2087e-06	0.0700273
999	0.000100944	6.65519e-06	0.0659293
1000	0.000156887	9.13364e-06	0.058218

number of sites in simulation: 2000000000
compact interval: 30
average number of mutations in simulation: 3.14006e+06
average number of mutations in SFS: 558702
time elapsed (ms): 640.157
