number of mutations in simulation: 3135233
number of mutations in SFS: 558208
time elapsed (ms): 558.734

0.390831
0.134595
0.0682092
0.041389
0.027917
0.0202058
0.0153864
0.0121771
0.0099352
0.00830865
0.00709132
0.00615581
0.00542003
0.00482941
0.00434687
0.0039467
0.00361083
0.00332638
0.00308383
0.00287592
0.00269686
0.00254193
0.00240711
0.00228904
0.00218483
0.00209212
0.00200898
0.0019339
0.00186566
0.00180337
0.00174629
0.00169388
0.00164565
0.0016012
0.00156014
0.00152214
0.00148688
0.00145405
0.00142336
0.00139456
0.00136743
0.00134175
0.00131736
0.00129411
0.00127186
0.0012505
0.00122993
0.00121008
0.00119088
0.00117229
0.00115424
0.00113671
0.00111968
0.00110314
0.00108706
0.00107146
0.00105633
0.00104169
0.00102754
0.00101388
0.00100072
0.000988068
0.000975905
0.000964235
0.000953048
0.000942337
0.000932069
0.000922232
0.000912797
0.000903742
0.000895036
0.000886649
0.000878545
0.000870705
0.00086313
0.000855744
0.000848534
0.000841491
0.000834587
0.000827801
0.000821117
0.000814552
0.000808079
0.000801699
0.000795398
0.000789187
0.000783082
0.000777056
0.000771132
0.000765289
0.000759575
0.000753973
0.000748489
0.000743106
0.000737834
0.000732679
0.000727629
0.000722691
0.000717852
0.0007131
0.000708443
0.00070387
0.000699369
0.000694929
0.000690519
0.000686154
0.000681827
0.000677533
0.00067325
0.00066898
0.000664723
0.000660468
0.000656222
0.000651975
0.000647743
0.00064352
0.000639323
0.000635151
0.000631022
0.000626956
0.000622895
0.000618878
0.000614923
0.00061101
0.000607139
0.000603325
0.000599549
0.000595825
0.000592132
0.000588486
0.000584866
0.00058127
0.000577697
0.000574146
0.000570653
0.000567131
0.000563619
0.000560121
0.000556623
0.00055315
0.000549676
0.000546224
0.000542787
0.000539357
0.000535946
0.000532563
0.000529203
0.000525861
0.000522547
0.000519226
0.000515971
0.000512747
0.000509563
0.000506415
0.000503297
0.000500221
0.00049718
0.000494169
0.000491185
0.000488237
0.000485321
0.000482431
0.000479566
0.000476735
0.000473907
0.000471123
0.000468366
0.000465633
0.000462924
0.000460253
0.000457604
0.000454991
0.000452399
0.000449843
0.000447309
0.000444812
0.000442349
0.000439908
0.000437502
0.000435117
0.000432765
0.000430445
0.000428143
0.000425855
0.000423594
0.000421344
0.000419103
0.000416869
0.000414639
0.000412411
0.000410171
0.00040793
0.000405674
0.000403402
0.000401128
0.000398826
0.000396499
0.00039416
0.0003918
0.000389423
0.000387032
0.000384621
0.000382195
0.000379761
0.000377323
0.000374879
0.000372436
0.00037
0.00036758
0.000365182
0.000362793
0.00036042
0.000358071
0.000355763
0.000353493
0.000351256
0.000349048
0.000346884
0.00034476
0.000342691
0.000340649
0.00033865
0.000336706
0.00033479
0.000332936
0.000331115
0.000329319
0.000327561
0.000325832
0.000324125
0.000322451
0.000320802
0.000319169
0.000317565
0.000315983
0.000314414
0.000312852
0.000311309
0.000309759
0.000308254
0.00030673
0.00030522
0.0003037
0.000302203
0.000300703
0.000299198
0.000297702
0.00029621
0.000294735
0.000293256
0.000291788
0.000290325
0.000288865
0.00028742
0.000285988
0.000284546
0.000283127
0.000281708
0.000280304
0.000278894
0.000277491
0.000276108
0.000274727
0.000273359
0.000272003
0.000270654
0.00026931
0.000267969
0.000266643
0.000265299
0.000263997
0.000262704
0.000261417
0.000260148
0.000258897
0.000257659
0.000256432
0.000255214
0.000254018
0.000252839
0.00025166
0.000250494
0.000249351
0.000248213
0.000247092
0.000245969
0.000244855
0.000243747
0.000242656
0.000241563
0.000240479
0.000239386
0.000238295
0.000237203
0.00023612
0.000235029
0.000233927
0.000232825
0.000231722
0.000230628
0.000229512
0.000228388
0.000227266
0.000226131
0.000224995
0.000223856
0.000222714
0.000221565
0.000220409
0.000219258
0.000218097
0.000216938
0.00021578
0.000214621
0.000213447
0.000212282
0.000211113
0.00020995
0.00020878
0.000207614
0.00020645
0.000205288
0.000204126
0.000202962
0.000201797
0.00020064
0.00019948
0.000198326
0.000197179
0.000196013
0.000194875
0.000193742
0.000192612
0.000191496
0.000190383
0.000189283
0.000188184
0.000187097
0.000186022
0.000184958
0.000183904
0.00018286
0.000181835
0.000180818
0.000179807
0.000178813
0.000177834
0.00017687
0.000175917
0.000174976
0.000174044
0.000173121
0.000172204
0.000171303
0.000170406
0.000169521
0.000168638
0.000167764
0.000166899
0.000166042
0.000165191
0.000164346
0.000163506
0.00016267
0.000161848
0.000161029
0.000160222
0.000159418
0.000158627
0.000157846
0.000157078
0.000156321
0.000155575
0.00015484
0.000154097
0.000153383
0.000152679
0.000151994
0.000151318
0.000150659
0.000150008
0.000149373
0.000148743
0.000148127
0.000147524
0.000146932
0.00014635
0.000145777
0.000145212
0.000144643
0.000144097
0.000143553
0.000143011
0.000142478
0.000141943
0.000141415
0.000140882
0.000140352
0.000139824
0.000139297
0.00013877
0.000138232
0.000137692
0.000137148
0.000136617
0.000136072
0.000135522
0.000134965
0.000134402
0.00013384
0.000133271
0.000132694
0.000132117
0.000131541
0.000130957
0.000130373
0.000129781
0.000129189
0.000128597
0.000128006
0.000127414
0.000126816
0.000126217
0.000125619
0.000125022
0.000124432
0.000123842
0.000123252
0.000122662
0.000122071
0.000121487
0.000120901
0.000120314
0.000119732
0.000119147
0.00011856
0.000117977
0.00011739
0.000116806
0.000116225
0.000115639
0.000115056
0.000114475
0.000113889
0.000113305
0.000112724
0.000112145
0.000111562
0.000110982
0.000110405
0.000109833
0.000109264
0.000108699
0.00010814
0.000107586
0.000107038
0.000106495
0.000105959
0.000105429
0.000104912
0.000104401
0.000103896
0.000103396
0.000102903
0.000102433
0.000101955
0.000101482
0.000101017
0.000100556
0.000100096
9.96442e-05
9.91928e-05
9.87412e-05
9.8295e-05
9.78475e-05
9.73985e-05
9.69532e-05
9.65055e-05
9.60611e-05
9.56141e-05
9.51703e-05
9.4724e-05
9.42813e-05
9.38367e-05
9.33965e-05
9.29554e-05
9.25195e-05
9.20841e-05
9.16554e-05
9.12339e-05
9.08147e-05
9.04042e-05
8.99972e-05
8.95999e-05
8.92127e-05
8.88305e-05
8.8459e-05
8.80931e-05
8.7738e-05
8.73883e-05
8.70493e-05
8.67205e-05
8.63963e-05
8.60813e-05
8.57698e-05
8.5466e-05
8.51641e-05
8.48683e-05
8.45778e-05
8.42863e-05
8.39981e-05
8.37071e-05
8.34173e-05
8.3128e-05
8.28331e-05
8.25368e-05
8.22334e-05
8.19273e-05
8.16128e-05
8.12946e-05
8.09671e-05
8.06352e-05
8.02936e-05
7.99473e-05
7.95915e-05
7.92311e-05
7.88615e-05
7.84831e-05
7.81011e-05
7.77113e-05
7.73143e-05
7.69154e-05
7.65107e-05
7.61008e-05
7.56913e-05
7.52784e-05
7.48539e-05
7.44414e-05
7.40283e-05
7.36154e-05
7.32036e-05
7.2794e-05
7.23919e-05
7.19938e-05
7.16004e-05
7.12128e-05
7.08318e-05
7.0458e-05
7.00925e-05
6.97357e-05
6.93882e-05
6.90507e-05
6.87237e-05
6.84076e-05
6.80985e-05
6.78009e-05
6.75149e-05
6.72406e-05
6.69737e-05
6.67185e-05
6.64746e-05
6.62376e-05
6.60111e-05
6.57948e-05
6.55841e-05
6.53824e-05
6.5185e-05
6.49914e-05
6.48046e-05
6.46202e-05
6.44374e-05
6.42594e-05
6.40817e-05
6.39035e-05
6.37244e-05
6.35437e-05
6.3365e-05
6.31839e-05
6.3e-05
6.28132e-05
6.26195e-05
6.24227e-05
6.22224e-05
6.20191e-05
6.18127e-05
6.15995e-05
6.13835e-05
6.11613e-05
6.09368e-05
6.07103e-05
6.04784e-05
6.02413e-05
6.00031e-05
5.97605e-05
5.95138e-05
5.92634e-05
5.90058e-05
5.87526e-05
5.84965e-05
5.8238e-05
5.79742e-05
5.77089e-05
5.74426e-05
5.71758e-05
5.69091e-05
5.66396e-05
5.63715e-05
5.61019e-05
5.58352e-05
5.55685e-05
5.5303e-05
5.5046e-05
5.47884e-05
5.45345e-05
5.42851e-05
5.40412e-05
5.38036e-05
5.3573e-05
5.33504e-05
5.31332e-05
5.29251e-05
5.27236e-05
5.25324e-05
5.23487e-05
5.2176e-05
5.20111e-05
5.18608e-05
5.17122e-05
5.15718e-05
5.14393e-05
5.13147e-05
5.11976e-05
5.10879e-05
5.09851e-05
5.08858e-05
5.07928e-05
5.07027e-05
5.06182e-05
5.0536e-05
5.04555e-05
5.03768e-05
5.02994e-05
5.02231e-05
5.01479e-05
5.00736e-05
4.9997e-05
4.99211e-05
4.98428e-05
4.97653e-05
4.96854e-05
4.96032e-05
4.95188e-05
4.94322e-05
4.93436e-05
4.92531e-05
4.91607e-05
4.90667e-05
4.8968e-05
4.88648e-05
4.87604e-05
4.86517e-05
4.85391e-05
4.84226e-05
4.83024e-05
4.81787e-05
4.80488e-05
4.79159e-05
4.77772e-05
4.76359e-05
4.74895e-05
4.73382e-05
4.71881e-05
4.70281e-05
4.68642e-05
4.66969e-05
4.65238e-05
4.6348e-05
4.61673e-05
4.5982e-05
4.57928e-05
4.56001e-05
4.54043e-05
4.5206e-05
4.50031e-05
4.47988e-05
4.45909e-05
4.43827e-05
4.41696e-05
4.39547e-05
4.37388e-05
4.35225e-05
4.33039e-05
4.30863e-05
4.28677e-05
4.26489e-05
4.24307e-05
4.22136e-05
4.19985e-05
4.17835e-05
4.15717e-05
4.13613e-05
4.11503e-05
4.09444e-05
4.07417e-05
4.05424e-05
4.03446e-05
4.01485e-05
3.9957e-05
3.97678e-05
3.95811e-05
3.93946e-05
3.92108e-05
3.90273e-05
3.88464e-05
3.86658e-05
3.84856e-05
3.83031e-05
3.81209e-05
3.79364e-05
3.77523e-05
3.7566e-05
3.73756e-05
3.71834e-05
3.69898e-05
3.67929e-05
3.6593e-05
3.63907e-05
3.61865e-05
3.5981e-05
3.57729e-05
3.55629e-05
3.53561e-05
3.51447e-05
3.4934e-05
3.47228e-05
3.45119e-05
3.43023e-05
3.40947e-05
3.389e-05
3.3687e-05
3.34882e-05
3.32923e-05
3.30978e-05
3.29071e-05
3.27187e-05
3.25348e-05
3.23517e-05
3.21717e-05
3.19949e-05
3.18194e-05
3.16454e-05
3.14731e-05
3.13007e-05
3.11304e-05
3.09605e-05
3.07915e-05
3.0622e-05
3.04525e-05
3.02856e-05
3.01183e-05
2.99536e-05
2.97886e-05
2.96299e-05
2.94733e-05
2.93217e-05
2.91746e-05
2.90333e-05
2.88988e-05
2.87724e-05
2.86534e-05
2.85426e-05
2.84409e-05
2.83473e-05
2.82622e-05
2.8186e-05
2.81171e-05
2.80555e-05
2.80027e-05
2.79551e-05
2.79137e-05
2.78766e-05
2.78413e-05
2.78089e-05
2.77773e-05
2.77458e-05
2.77123e-05
2.76765e-05
2.76381e-05
2.75973e-05
2.75525e-05
2.75033e-05
2.74494e-05
2.73924e-05
2.73324e-05
2.72698e-05
2.7205e-05
2.71385e-05
2.70718e-05
2.70056e-05
2.69404e-05
2.6877e-05
2.68166e-05
2.67597e-05
2.67067e-05
2.66585e-05
2.66143e-05
2.65739e-05
2.65386e-05
2.6507e-05
2.64786e-05
2.64532e-05
2.64291e-05
2.64063e-05
2.63835e-05
2.63598e-05
2.63341e-05
2.63055e-05
2.62737e-05
2.62374e-05
2.61958e-05
2.61494e-05
2.6098e-05
2.60408e-05
2.59788e-05
2.59116e-05
2.58408e-05
2.57672e-05
2.56911e-05
2.56144e-05
2.55377e-05
2.54632e-05
2.53915e-05
2.53247e-05
2.52635e-05
2.52089e-05
2.51621e-05
2.51247e-05
2.50949e-05
2.50747e-05
2.50635e-05
2.50609e-05
2.50666e-05
2.508e-05
2.50992e-05
2.51234e-05
2.51511e-05
2.51813e-05
2.52117e-05
2.52412e-05
2.52686e-05
2.52919e-05
2.5312e-05
2.53241e-05
2.53295e-05
2.53271e-05
2.53168e-05
2.52989e-05
2.52729e-05
2.52387e-05
2.51969e-05
2.51483e-05
2.5092e-05
2.50297e-05
2.49607e-05
2.48855e-05
2.48043e-05
2.47154e-05
2.46223e-05
2.45232e-05
2.44178e-05
2.43059e-05
2.41869e-05
2.40614e-05
2.39284e-05
2.37883e-05
2.36402e-05
2.34849e-05
2.33216e-05
2.31507e-05
2.29732e-05
2.27889e-05
2.25971e-05
2.24007e-05
2.22e-05
2.19953e-05
2.17879e-05
2.15785e-05
2.13684e-05
2.11586e-05
2.09506e-05
2.07452e-05
2.05443e-05
2.03487e-05
2.01594e-05
1.99781e-05
1.98058e-05
1.96433e-05
1.9491e-05
1.93502e-05
1.92216e-05
1.91058e-05
1.90032e-05
1.89135e-05
1.88367e-05
1.87726e-05
1.87203e-05
1.86791e-05
1.86476e-05
1.86242e-05
1.86074e-05
1.85954e-05
1.85865e-05
1.85775e-05
1.85668e-05
1.85519e-05
1.85314e-05
1.85031e-05
1.8465e-05
1.84163e-05
1.83556e-05
1.82828e-05
1.81971e-05
1.80984e-05
1.79876e-05
1.78654e-05
1.77328e-05
1.75908e-05
1.7442e-05
1.72876e-05
1.71289e-05
1.69681e-05
1.68068e-05
1.66469e-05
1.649e-05
1.63379e-05
1.61922e-05
1.60551e-05
1.59285e-05
1.58146e-05
1.57156e-05
1.56343e-05
1.55734e-05
1.55353e-05
1.55223e-05
1.55364e-05
1.55786e-05
1.56489e-05
1.57463e-05
1.58686e-05
1.60124e-05
1.6173e-05
1.63451e-05
1.65232e-05
1.67009e-05
1.68723e-05
1.7032e-05
1.71756e-05
1.72994e-05
1.74008e-05
1.74785e-05
1.75319e-05
1.75621e-05
1.75707e-05
1.75608e-05
1.75359e-05
1.75005e-05
1.74591e-05
1.74163e-05
1.73763e-05
1.73432e-05
1.73199e-05
1.7309e-05
1.73135e-05
1.73359e-05
1.73805e-05
1.74518e-05
1.75555e-05
1.76971e-05
1.7881e-05
1.81104e-05
1.83868e-05
1.87121e-05
1.90906e-05
1.95308e-05
2.00468e-05
2.0657e-05
2.13829e-05
2.22508e-05
2.3299e-05
2.45932e-05
2.6241e-05
2.83963e-05
3.12511e-05
3.50363e-05
4.00953e-05
4.71241e-05
5.76659e-05
7.49351e-05
0.000105415
0.00016657